2019-12-07 13:37:07,122 [Worker-15] INFO  o.e.m.c.i.l.LifecycleMappingFactory - Using org.maven.ide.eclipse.wtp.WarLifecycleMapping lifecycle mapping for MavenProject: com.employee.managment:employee-managment:0.0.1-SNAPSHOT @ F:\MICROSERVICE\emp-managmentProject\employee-managment-angular-springboot\employee-managment\pom.xml.
2019-12-07 13:37:33,915 [Worker-15] INFO  o.e.m.j.i.AbstractJavaProjectConfigurator - Adding source folder /employee-managment/src/main/java
2019-12-07 13:37:33,916 [Worker-15] INFO  o.e.m.j.i.AbstractJavaProjectConfigurator - Adding resource folder /employee-managment/src/main/resources
2019-12-07 13:37:33,929 [Worker-15] INFO  o.e.m.j.i.AbstractJavaProjectConfigurator - Adding resource folder /employee-managment/src/main/resources
2019-12-07 13:37:34,006 [Worker-15] INFO  o.e.m.j.i.AbstractJavaProjectConfigurator - Adding source folder /employee-managment/src/test/java
2019-12-07 13:37:34,006 [Worker-15] INFO  o.e.m.j.i.AbstractJavaProjectConfigurator - Adding resource folder /employee-managment/src/test/resources
2019-12-07 13:37:39,801 [Worker-15] INFO  o.e.m.c.i.p.ProjectConfigurationManager - Imported and configured 1 project(s) in 68 sec
2019-12-07 13:37:45,919 [Worker-13] INFO  o.e.m.c.i.embedder.EclipseLogger - Using 'UTF-8' encoding to copy filtered resources.
2019-12-07 13:37:45,947 [Worker-13] INFO  o.e.m.c.i.embedder.EclipseLogger - Copying 1 resource
2019-12-07 13:37:46,025 [Worker-13] INFO  o.e.m.c.i.embedder.EclipseLogger - Copying 0 resource
2019-12-07 13:37:46,029 [Worker-13] INFO  o.e.m.c.i.embedder.EclipseLogger - Using 'UTF-8' encoding to copy filtered resources.
2019-12-07 13:37:46,029 [Worker-13] INFO  o.e.m.c.i.embedder.EclipseLogger - Copying 0 resource
2019-12-07 13:42:45,389 [Worker-6] WARN  o.e.r.models.ModelRepository - Failed to download org.eclipse.recommenders:index::zip:0.0.0
org.eclipse.aether.resolution.ArtifactResolutionException: Could not find artifact org.eclipse.recommenders:index:zip:0.0.0-SNAPSHOT in models (http://download.eclipse.org/recommenders/models/mars/)
	at org.eclipse.aether.internal.impl.DefaultArtifactResolver.resolve(DefaultArtifactResolver.java:444) ~[na:na]
	at org.eclipse.aether.internal.impl.DefaultArtifactResolver.resolveArtifacts(DefaultArtifactResolver.java:246) ~[na:na]
	at org.eclipse.aether.internal.impl.DefaultArtifactResolver.resolveArtifact(DefaultArtifactResolver.java:223) ~[na:na]
	at org.eclipse.aether.internal.impl.DefaultRepositorySystem.resolveArtifact(DefaultRepositorySystem.java:294) ~[na:na]
	at org.eclipse.recommenders.models.ModelRepository.resolveInternal(ModelRepository.java:192) [org.eclipse.recommenders.models_2.3.0.v20160216-1255.jar:na]
	at org.eclipse.recommenders.models.ModelRepository.resolve(ModelRepository.java:174) [org.eclipse.recommenders.models_2.3.0.v20160216-1255.jar:na]
	at org.eclipse.recommenders.internal.models.rcp.EclipseModelRepository.resolve(EclipseModelRepository.java:165) [org.eclipse.recommenders.models.rcp_2.3.0.v20160216-1255.jar:na]
	at org.eclipse.recommenders.internal.models.rcp.DownloadModelArchiveJob.run(DownloadModelArchiveJob.java:76) [org.eclipse.recommenders.models.rcp_2.3.0.v20160216-1255.jar:na]
	at org.eclipse.core.internal.jobs.Worker.run(Worker.java:55) [org.eclipse.core.jobs_3.7.0.v20150330-2103.jar:na]
Caused by: org.eclipse.aether.transfer.ArtifactNotFoundException: Could not find artifact org.eclipse.recommenders:index:zip:0.0.0-SNAPSHOT in models (http://download.eclipse.org/recommenders/models/mars/)
	at org.eclipse.aether.connector.basic.ArtifactTransportListener.transferFailed(ArtifactTransportListener.java:39) ~[org.eclipse.aether.connector.basic_1.0.1.v20141111.jar:na]
	at org.eclipse.aether.connector.basic.BasicRepositoryConnector$TaskRunner.run(BasicRepositoryConnector.java:355) ~[org.eclipse.aether.connector.basic_1.0.1.v20141111.jar:na]
	at org.eclipse.aether.util.concurrency.RunnableErrorForwarder$1.run(RunnableErrorForwarder.java:67) ~[na:na]
	at org.eclipse.aether.connector.basic.BasicRepositoryConnector$DirectExecutor.execute(BasicRepositoryConnector.java:581) ~[org.eclipse.aether.connector.basic_1.0.1.v20141111.jar:na]
	at org.eclipse.aether.connector.basic.BasicRepositoryConnector.get(BasicRepositoryConnector.java:249) ~[org.eclipse.aether.connector.basic_1.0.1.v20141111.jar:na]
	at org.eclipse.aether.internal.impl.DefaultArtifactResolver.performDownloads(DefaultArtifactResolver.java:520) ~[na:na]
	at org.eclipse.aether.internal.impl.DefaultArtifactResolver.resolve(DefaultArtifactResolver.java:421) ~[na:na]
	... 8 common frames omitted
2019-12-07 14:01:51,505 [Worker-10] INFO  o.e.m.c.i.embedder.EclipseLogger - Using 'UTF-8' encoding to copy filtered resources.
2019-12-07 14:01:52,135 [Worker-10] INFO  o.e.m.c.i.embedder.EclipseLogger - Copying 1 resource
2019-12-07 14:01:52,575 [Worker-10] INFO  o.e.m.c.i.embedder.EclipseLogger - Copying 0 resource
2019-12-07 14:01:52,613 [Worker-10] INFO  o.e.m.c.i.embedder.EclipseLogger - Using 'UTF-8' encoding to copy filtered resources.
2019-12-07 14:01:52,613 [Worker-10] INFO  o.e.m.c.i.embedder.EclipseLogger - Copying 0 resource
2019-12-07 14:02:41,361 [Worker-21] INFO  o.e.m.c.i.embedder.EclipseLogger - Using 'UTF-8' encoding to copy filtered resources.
2019-12-07 14:02:41,363 [Worker-21] INFO  o.e.m.c.i.embedder.EclipseLogger - Copying 1 resource
2019-12-07 14:02:41,597 [Worker-21] INFO  o.e.m.c.i.embedder.EclipseLogger - Copying 0 resource
2019-12-07 14:02:41,607 [Worker-21] INFO  o.e.m.c.i.embedder.EclipseLogger - Using 'UTF-8' encoding to copy filtered resources.
2019-12-07 14:02:41,608 [Worker-21] INFO  o.e.m.c.i.embedder.EclipseLogger - Copying 0 resource
2019-12-07 14:02:43,329 [Worker-21] INFO  o.e.m.c.i.embedder.EclipseLogger - Using 'UTF-8' encoding to copy filtered resources.
2019-12-07 14:02:43,329 [Worker-21] INFO  o.e.m.c.i.embedder.EclipseLogger - Copying 1 resource
2019-12-07 14:02:43,333 [Worker-21] INFO  o.e.m.c.i.embedder.EclipseLogger - Copying 0 resource
2019-12-07 14:02:43,337 [Worker-21] INFO  o.e.m.c.i.embedder.EclipseLogger - Using 'UTF-8' encoding to copy filtered resources.
2019-12-07 14:02:43,338 [Worker-21] INFO  o.e.m.c.i.embedder.EclipseLogger - Copying 0 resource
2019-12-07 14:03:02,425 [Worker-24] INFO  o.e.m.c.i.embedder.EclipseLogger - Using 'UTF-8' encoding to copy filtered resources.
2019-12-07 14:03:02,426 [Worker-24] INFO  o.e.m.c.i.embedder.EclipseLogger - Copying 1 resource
2019-12-07 14:03:02,452 [Worker-24] INFO  o.e.m.c.i.embedder.EclipseLogger - Copying 0 resource
2019-12-07 14:03:02,455 [Worker-24] INFO  o.e.m.c.i.embedder.EclipseLogger - Using 'UTF-8' encoding to copy filtered resources.
2019-12-07 14:03:02,456 [Worker-24] INFO  o.e.m.c.i.embedder.EclipseLogger - Copying 0 resource
2019-12-07 14:03:12,967 [Worker-10] INFO  o.e.m.c.i.embedder.EclipseLogger - Using 'UTF-8' encoding to copy filtered resources.
2019-12-07 14:03:12,968 [Worker-10] INFO  o.e.m.c.i.embedder.EclipseLogger - Copying 1 resource
2019-12-07 14:03:13,014 [Worker-10] INFO  o.e.m.c.i.embedder.EclipseLogger - Copying 0 resource
2019-12-07 14:03:13,091 [Worker-10] INFO  o.e.m.c.i.embedder.EclipseLogger - Using 'UTF-8' encoding to copy filtered resources.
2019-12-07 14:03:13,091 [Worker-10] INFO  o.e.m.c.i.embedder.EclipseLogger - Copying 0 resource
2019-12-07 14:05:57,644 [Worker-24] INFO  o.e.m.c.i.embedder.EclipseLogger - Using 'UTF-8' encoding to copy filtered resources.
2019-12-07 14:05:57,645 [Worker-24] INFO  o.e.m.c.i.embedder.EclipseLogger - Copying 1 resource
2019-12-07 14:05:57,794 [Worker-24] INFO  o.e.m.c.i.embedder.EclipseLogger - Copying 0 resource
2019-12-07 14:05:57,796 [Worker-24] INFO  o.e.m.c.i.embedder.EclipseLogger - Using 'UTF-8' encoding to copy filtered resources.
2019-12-07 14:05:57,796 [Worker-24] INFO  o.e.m.c.i.embedder.EclipseLogger - Copying 0 resource
2019-12-07 14:06:09,841 [Worker-21] INFO  o.e.m.c.i.embedder.EclipseLogger - Using 'UTF-8' encoding to copy filtered resources.
2019-12-07 14:06:09,842 [Worker-21] INFO  o.e.m.c.i.embedder.EclipseLogger - Copying 1 resource
2019-12-07 14:06:09,845 [Worker-21] INFO  o.e.m.c.i.embedder.EclipseLogger - Copying 0 resource
2019-12-07 14:06:09,859 [Worker-21] INFO  o.e.m.c.i.embedder.EclipseLogger - Using 'UTF-8' encoding to copy filtered resources.
2019-12-07 14:06:09,860 [Worker-21] INFO  o.e.m.c.i.embedder.EclipseLogger - Copying 0 resource
2019-12-07 14:06:22,057 [Worker-22] INFO  o.e.m.c.i.embedder.EclipseLogger - Using 'UTF-8' encoding to copy filtered resources.
2019-12-07 14:06:22,057 [Worker-22] INFO  o.e.m.c.i.embedder.EclipseLogger - Copying 1 resource
2019-12-07 14:06:22,061 [Worker-22] INFO  o.e.m.c.i.embedder.EclipseLogger - Copying 0 resource
2019-12-07 14:06:22,068 [Worker-22] INFO  o.e.m.c.i.embedder.EclipseLogger - Using 'UTF-8' encoding to copy filtered resources.
2019-12-07 14:06:22,068 [Worker-22] INFO  o.e.m.c.i.embedder.EclipseLogger - Copying 0 resource
2019-12-07 14:06:31,328 [Worker-20] INFO  o.e.m.c.i.embedder.EclipseLogger - Using 'UTF-8' encoding to copy filtered resources.
2019-12-07 14:06:31,329 [Worker-20] INFO  o.e.m.c.i.embedder.EclipseLogger - Copying 1 resource
2019-12-07 14:06:31,333 [Worker-20] INFO  o.e.m.c.i.embedder.EclipseLogger - Copying 0 resource
2019-12-07 14:06:31,335 [Worker-20] INFO  o.e.m.c.i.embedder.EclipseLogger - Using 'UTF-8' encoding to copy filtered resources.
2019-12-07 14:06:31,336 [Worker-20] INFO  o.e.m.c.i.embedder.EclipseLogger - Copying 0 resource
2019-12-07 14:08:37,318 [Worker-24] INFO  o.e.m.c.i.embedder.EclipseLogger - Using 'UTF-8' encoding to copy filtered resources.
2019-12-07 14:08:37,319 [Worker-24] INFO  o.e.m.c.i.embedder.EclipseLogger - Copying 1 resource
2019-12-07 14:08:37,325 [Worker-24] INFO  o.e.m.c.i.embedder.EclipseLogger - Copying 0 resource
2019-12-07 14:08:37,328 [Worker-24] INFO  o.e.m.c.i.embedder.EclipseLogger - Using 'UTF-8' encoding to copy filtered resources.
2019-12-07 14:08:37,328 [Worker-24] INFO  o.e.m.c.i.embedder.EclipseLogger - Copying 0 resource
2019-12-07 14:08:47,058 [Worker-21] INFO  o.e.m.c.i.embedder.EclipseLogger - Using 'UTF-8' encoding to copy filtered resources.
2019-12-07 14:08:47,059 [Worker-21] INFO  o.e.m.c.i.embedder.EclipseLogger - Copying 1 resource
2019-12-07 14:08:47,062 [Worker-21] INFO  o.e.m.c.i.embedder.EclipseLogger - Copying 0 resource
2019-12-07 14:08:47,065 [Worker-21] INFO  o.e.m.c.i.embedder.EclipseLogger - Using 'UTF-8' encoding to copy filtered resources.
2019-12-07 14:08:47,065 [Worker-21] INFO  o.e.m.c.i.embedder.EclipseLogger - Copying 0 resource
2019-12-07 14:08:56,039 [Worker-20] INFO  o.e.m.c.i.embedder.EclipseLogger - Using 'UTF-8' encoding to copy filtered resources.
2019-12-07 14:08:56,039 [Worker-20] INFO  o.e.m.c.i.embedder.EclipseLogger - Copying 1 resource
2019-12-07 14:08:56,043 [Worker-20] INFO  o.e.m.c.i.embedder.EclipseLogger - Copying 0 resource
2019-12-07 14:08:56,045 [Worker-20] INFO  o.e.m.c.i.embedder.EclipseLogger - Using 'UTF-8' encoding to copy filtered resources.
2019-12-07 14:08:56,045 [Worker-20] INFO  o.e.m.c.i.embedder.EclipseLogger - Copying 0 resource
2019-12-07 14:23:07,497 [Worker-32] INFO  o.e.m.c.i.embedder.EclipseLogger - Using 'UTF-8' encoding to copy filtered resources.
2019-12-07 14:23:07,547 [Worker-32] INFO  o.e.m.c.i.embedder.EclipseLogger - Copying 1 resource
2019-12-07 14:23:07,708 [Worker-32] INFO  o.e.m.c.i.embedder.EclipseLogger - Copying 0 resource
2019-12-07 14:23:07,778 [Worker-32] INFO  o.e.m.c.i.embedder.EclipseLogger - Using 'UTF-8' encoding to copy filtered resources.
2019-12-07 14:23:07,779 [Worker-32] INFO  o.e.m.c.i.embedder.EclipseLogger - Copying 0 resource
2019-12-07 14:28:53,954 [Worker-39] INFO  o.e.m.c.i.embedder.EclipseLogger - Using 'UTF-8' encoding to copy filtered resources.
2019-12-07 14:28:53,957 [Worker-39] INFO  o.e.m.c.i.embedder.EclipseLogger - Copying 1 resource
2019-12-07 14:28:54,263 [Worker-39] INFO  o.e.m.c.i.embedder.EclipseLogger - Copying 0 resource
2019-12-07 14:28:54,664 [Worker-39] INFO  o.e.m.c.i.embedder.EclipseLogger - Using 'UTF-8' encoding to copy filtered resources.
2019-12-07 14:28:54,665 [Worker-39] INFO  o.e.m.c.i.embedder.EclipseLogger - Copying 0 resource
2019-12-07 14:31:41,853 [Worker-37] INFO  o.e.m.c.i.embedder.EclipseLogger - Using 'UTF-8' encoding to copy filtered resources.
2019-12-07 14:31:41,854 [Worker-37] INFO  o.e.m.c.i.embedder.EclipseLogger - Copying 1 resource
2019-12-07 14:31:41,859 [Worker-37] INFO  o.e.m.c.i.embedder.EclipseLogger - Copying 0 resource
2019-12-07 14:31:41,926 [Worker-37] INFO  o.e.m.c.i.embedder.EclipseLogger - Using 'UTF-8' encoding to copy filtered resources.
2019-12-07 14:31:41,926 [Worker-37] INFO  o.e.m.c.i.embedder.EclipseLogger - Copying 0 resource
2019-12-07 14:33:02,744 [Worker-36] INFO  o.e.m.c.i.embedder.EclipseLogger - Using 'UTF-8' encoding to copy filtered resources.
2019-12-07 14:33:02,745 [Worker-36] INFO  o.e.m.c.i.embedder.EclipseLogger - Copying 1 resource
2019-12-07 14:33:02,748 [Worker-36] INFO  o.e.m.c.i.embedder.EclipseLogger - Copying 0 resource
2019-12-07 14:33:02,985 [Worker-36] INFO  o.e.m.c.i.embedder.EclipseLogger - Using 'UTF-8' encoding to copy filtered resources.
2019-12-07 14:33:02,985 [Worker-36] INFO  o.e.m.c.i.embedder.EclipseLogger - Copying 0 resource
2019-12-07 14:40:23,664 [Worker-42] INFO  o.e.m.c.i.embedder.EclipseLogger - Using 'UTF-8' encoding to copy filtered resources.
2019-12-07 14:40:25,065 [Worker-42] INFO  o.e.m.c.i.embedder.EclipseLogger - Copying 1 resource
2019-12-07 14:40:25,544 [Worker-42] INFO  o.e.m.c.i.embedder.EclipseLogger - Copying 0 resource
2019-12-07 14:40:25,879 [Worker-42] INFO  o.e.m.c.i.embedder.EclipseLogger - Using 'UTF-8' encoding to copy filtered resources.
2019-12-07 14:40:25,880 [Worker-42] INFO  o.e.m.c.i.embedder.EclipseLogger - Copying 0 resource
2019-12-07 14:41:46,153 [Worker-47] INFO  o.e.m.c.i.embedder.EclipseLogger - Using 'UTF-8' encoding to copy filtered resources.
2019-12-07 14:41:46,154 [Worker-47] INFO  o.e.m.c.i.embedder.EclipseLogger - Copying 1 resource
2019-12-07 14:41:46,158 [Worker-47] INFO  o.e.m.c.i.embedder.EclipseLogger - Copying 0 resource
2019-12-07 14:41:46,160 [Worker-47] INFO  o.e.m.c.i.embedder.EclipseLogger - Using 'UTF-8' encoding to copy filtered resources.
2019-12-07 14:41:46,160 [Worker-47] INFO  o.e.m.c.i.embedder.EclipseLogger - Copying 0 resource
2019-12-07 14:42:18,529 [Worker-46] INFO  o.e.m.c.i.embedder.EclipseLogger - Using 'UTF-8' encoding to copy filtered resources.
2019-12-07 14:42:18,530 [Worker-46] INFO  o.e.m.c.i.embedder.EclipseLogger - Copying 1 resource
2019-12-07 14:42:18,532 [Worker-46] INFO  o.e.m.c.i.embedder.EclipseLogger - Copying 0 resource
2019-12-07 14:42:18,533 [Worker-46] INFO  o.e.m.c.i.embedder.EclipseLogger - Using 'UTF-8' encoding to copy filtered resources.
2019-12-07 14:42:18,534 [Worker-46] INFO  o.e.m.c.i.embedder.EclipseLogger - Copying 0 resource
2019-12-07 14:42:44,369 [Worker-36] INFO  o.e.m.c.i.embedder.EclipseLogger - Using 'UTF-8' encoding to copy filtered resources.
2019-12-07 14:42:44,370 [Worker-36] INFO  o.e.m.c.i.embedder.EclipseLogger - Copying 1 resource
2019-12-07 14:42:44,373 [Worker-36] INFO  o.e.m.c.i.embedder.EclipseLogger - Copying 0 resource
2019-12-07 14:42:44,375 [Worker-36] INFO  o.e.m.c.i.embedder.EclipseLogger - Using 'UTF-8' encoding to copy filtered resources.
2019-12-07 14:42:44,375 [Worker-36] INFO  o.e.m.c.i.embedder.EclipseLogger - Copying 0 resource
2019-12-07 14:43:17,989 [Worker-36] INFO  o.e.m.c.i.embedder.EclipseLogger - Using 'UTF-8' encoding to copy filtered resources.
2019-12-07 14:43:17,991 [Worker-36] INFO  o.e.m.c.i.embedder.EclipseLogger - Copying 1 resource
2019-12-07 14:43:18,010 [Worker-36] INFO  o.e.m.c.i.embedder.EclipseLogger - Copying 0 resource
2019-12-07 14:43:18,013 [Worker-36] INFO  o.e.m.c.i.embedder.EclipseLogger - Using 'UTF-8' encoding to copy filtered resources.
2019-12-07 14:43:18,014 [Worker-36] INFO  o.e.m.c.i.embedder.EclipseLogger - Copying 0 resource
2019-12-07 14:43:41,219 [Worker-49] INFO  o.e.m.c.i.embedder.EclipseLogger - Using 'UTF-8' encoding to copy filtered resources.
2019-12-07 14:43:41,220 [Worker-49] INFO  o.e.m.c.i.embedder.EclipseLogger - Copying 1 resource
2019-12-07 14:43:41,225 [Worker-49] INFO  o.e.m.c.i.embedder.EclipseLogger - Copying 0 resource
2019-12-07 14:43:41,228 [Worker-49] INFO  o.e.m.c.i.embedder.EclipseLogger - Using 'UTF-8' encoding to copy filtered resources.
2019-12-07 14:43:41,228 [Worker-49] INFO  o.e.m.c.i.embedder.EclipseLogger - Copying 0 resource
2019-12-07 15:28:16,044 [Worker-54] INFO  o.e.m.c.i.embedder.EclipseLogger - Using 'UTF-8' encoding to copy filtered resources.
2019-12-07 15:28:16,166 [Worker-54] INFO  o.e.m.c.i.embedder.EclipseLogger - Copying 1 resource
2019-12-07 15:28:16,512 [Worker-54] INFO  o.e.m.c.i.embedder.EclipseLogger - Copying 0 resource
2019-12-07 15:28:16,603 [Worker-54] INFO  o.e.m.c.i.embedder.EclipseLogger - Using 'UTF-8' encoding to copy filtered resources.
2019-12-07 15:28:16,604 [Worker-54] INFO  o.e.m.c.i.embedder.EclipseLogger - Copying 0 resource
2019-12-08 12:01:50,215 [Worker-0] INFO  o.e.m.c.i.embedder.EclipseLogger - Using 'UTF-8' encoding to copy filtered resources.
2019-12-08 12:01:50,259 [Worker-0] INFO  o.e.m.c.i.embedder.EclipseLogger - Copying 1 resource
2019-12-08 12:01:50,315 [Worker-0] INFO  o.e.m.c.i.embedder.EclipseLogger - Copying 0 resource
2019-12-08 12:01:50,319 [Worker-0] INFO  o.e.m.c.i.embedder.EclipseLogger - Using 'UTF-8' encoding to copy filtered resources.
2019-12-08 12:01:50,320 [Worker-0] INFO  o.e.m.c.i.embedder.EclipseLogger - Copying 0 resource
2019-12-08 12:19:09,015 [Worker-23] INFO  o.e.m.c.i.embedder.EclipseLogger - Using 'UTF-8' encoding to copy filtered resources.
2019-12-08 12:19:09,381 [Worker-23] INFO  o.e.m.c.i.embedder.EclipseLogger - Copying 1 resource
2019-12-08 12:19:09,393 [Worker-23] INFO  o.e.m.c.i.embedder.EclipseLogger - Copying 0 resource
2019-12-08 12:19:09,430 [Worker-23] INFO  o.e.m.c.i.embedder.EclipseLogger - Using 'UTF-8' encoding to copy filtered resources.
2019-12-08 12:19:09,431 [Worker-23] INFO  o.e.m.c.i.embedder.EclipseLogger - Copying 0 resource
2019-12-08 12:23:30,815 [Worker-25] INFO  o.e.m.c.i.embedder.EclipseLogger - Using 'UTF-8' encoding to copy filtered resources.
2019-12-08 12:23:30,815 [Worker-25] INFO  o.e.m.c.i.embedder.EclipseLogger - Copying 1 resource
2019-12-08 12:23:30,818 [Worker-25] INFO  o.e.m.c.i.embedder.EclipseLogger - Copying 0 resource
2019-12-08 12:23:30,821 [Worker-25] INFO  o.e.m.c.i.embedder.EclipseLogger - Using 'UTF-8' encoding to copy filtered resources.
2019-12-08 12:23:30,821 [Worker-25] INFO  o.e.m.c.i.embedder.EclipseLogger - Copying 0 resource
2019-12-08 12:24:22,039 [Worker-25] INFO  o.e.m.c.i.embedder.EclipseLogger - Using 'UTF-8' encoding to copy filtered resources.
2019-12-08 12:24:22,069 [Worker-25] INFO  o.e.m.c.i.embedder.EclipseLogger - Copying 1 resource
2019-12-08 12:24:22,071 [Worker-25] INFO  o.e.m.c.i.embedder.EclipseLogger - Copying 0 resource
2019-12-08 12:24:22,086 [Worker-25] INFO  o.e.m.c.i.embedder.EclipseLogger - Using 'UTF-8' encoding to copy filtered resources.
2019-12-08 12:24:22,087 [Worker-25] INFO  o.e.m.c.i.embedder.EclipseLogger - Copying 0 resource
2019-12-08 13:31:17,502 [Worker-45] WARN  o.e.r.models.ModelRepository - Failed to download org.eclipse.recommenders:index::zip:0.0.0
org.eclipse.aether.resolution.ArtifactResolutionException: Could not find artifact org.eclipse.recommenders:index:zip:0.0.0-SNAPSHOT in models (http://download.eclipse.org/recommenders/models/mars/)
	at org.eclipse.aether.internal.impl.DefaultArtifactResolver.resolve(DefaultArtifactResolver.java:444) ~[na:na]
	at org.eclipse.aether.internal.impl.DefaultArtifactResolver.resolveArtifacts(DefaultArtifactResolver.java:246) ~[na:na]
	at org.eclipse.aether.internal.impl.DefaultArtifactResolver.resolveArtifact(DefaultArtifactResolver.java:223) ~[na:na]
	at org.eclipse.aether.internal.impl.DefaultRepositorySystem.resolveArtifact(DefaultRepositorySystem.java:294) ~[na:na]
	at org.eclipse.recommenders.models.ModelRepository.resolveInternal(ModelRepository.java:192) [org.eclipse.recommenders.models_2.3.0.v20160216-1255.jar:na]
	at org.eclipse.recommenders.models.ModelRepository.resolve(ModelRepository.java:174) [org.eclipse.recommenders.models_2.3.0.v20160216-1255.jar:na]
	at org.eclipse.recommenders.internal.models.rcp.EclipseModelRepository.resolve(EclipseModelRepository.java:165) [org.eclipse.recommenders.models.rcp_2.3.0.v20160216-1255.jar:na]
	at org.eclipse.recommenders.internal.models.rcp.DownloadModelArchiveJob.run(DownloadModelArchiveJob.java:76) [org.eclipse.recommenders.models.rcp_2.3.0.v20160216-1255.jar:na]
	at org.eclipse.core.internal.jobs.Worker.run(Worker.java:55) [org.eclipse.core.jobs_3.7.0.v20150330-2103.jar:na]
Caused by: org.eclipse.aether.transfer.ArtifactNotFoundException: Could not find artifact org.eclipse.recommenders:index:zip:0.0.0-SNAPSHOT in models (http://download.eclipse.org/recommenders/models/mars/)
	at org.eclipse.aether.connector.basic.ArtifactTransportListener.transferFailed(ArtifactTransportListener.java:39) ~[org.eclipse.aether.connector.basic_1.0.1.v20141111.jar:na]
	at org.eclipse.aether.connector.basic.BasicRepositoryConnector$TaskRunner.run(BasicRepositoryConnector.java:355) ~[org.eclipse.aether.connector.basic_1.0.1.v20141111.jar:na]
	at org.eclipse.aether.util.concurrency.RunnableErrorForwarder$1.run(RunnableErrorForwarder.java:67) ~[na:na]
	at org.eclipse.aether.connector.basic.BasicRepositoryConnector$DirectExecutor.execute(BasicRepositoryConnector.java:581) ~[org.eclipse.aether.connector.basic_1.0.1.v20141111.jar:na]
	at org.eclipse.aether.connector.basic.BasicRepositoryConnector.get(BasicRepositoryConnector.java:249) ~[org.eclipse.aether.connector.basic_1.0.1.v20141111.jar:na]
	at org.eclipse.aether.internal.impl.DefaultArtifactResolver.performDownloads(DefaultArtifactResolver.java:520) ~[na:na]
	at org.eclipse.aether.internal.impl.DefaultArtifactResolver.resolve(DefaultArtifactResolver.java:421) ~[na:na]
	... 8 common frames omitted
2019-12-08 13:34:19,241 [Worker-42] INFO  o.e.m.c.i.embedder.EclipseLogger - Using 'UTF-8' encoding to copy filtered resources.
2019-12-08 13:34:19,361 [Worker-42] INFO  o.e.m.c.i.embedder.EclipseLogger - Copying 1 resource
2019-12-08 13:34:19,465 [Worker-42] INFO  o.e.m.c.i.embedder.EclipseLogger - Copying 0 resource
2019-12-08 13:34:19,496 [Worker-42] INFO  o.e.m.c.i.embedder.EclipseLogger - Using 'UTF-8' encoding to copy filtered resources.
2019-12-08 13:34:19,497 [Worker-42] INFO  o.e.m.c.i.embedder.EclipseLogger - Copying 0 resource
2019-12-09 19:11:56,238 [Worker-9] INFO  o.e.m.c.i.embedder.EclipseLogger - Using 'UTF-8' encoding to copy filtered resources.
2019-12-09 19:11:56,324 [Worker-9] INFO  o.e.m.c.i.embedder.EclipseLogger - Copying 1 resource
2019-12-09 19:11:56,370 [Worker-9] INFO  o.e.m.c.i.embedder.EclipseLogger - Copying 0 resource
2019-12-09 19:11:56,375 [Worker-9] INFO  o.e.m.c.i.embedder.EclipseLogger - Using 'UTF-8' encoding to copy filtered resources.
2019-12-09 19:11:56,376 [Worker-9] INFO  o.e.m.c.i.embedder.EclipseLogger - Copying 0 resource
2019-12-09 19:52:51,971 [Worker-3] INFO  o.e.m.c.i.embedder.EclipseLogger - Using 'UTF-8' encoding to copy filtered resources.
2019-12-09 19:52:51,986 [Worker-3] INFO  o.e.m.c.i.embedder.EclipseLogger - Copying 1 resource
2019-12-09 19:52:51,990 [Worker-3] INFO  o.e.m.c.i.embedder.EclipseLogger - Copying 0 resource
2019-12-09 19:52:51,993 [Worker-3] INFO  o.e.m.c.i.embedder.EclipseLogger - Using 'UTF-8' encoding to copy filtered resources.
2019-12-09 19:52:51,993 [Worker-3] INFO  o.e.m.c.i.embedder.EclipseLogger - Copying 0 resource
2019-12-09 20:41:43,675 [Worker-44] INFO  o.e.m.c.i.embedder.EclipseLogger - Using 'UTF-8' encoding to copy filtered resources.
2019-12-09 20:41:43,676 [Worker-44] INFO  o.e.m.c.i.embedder.EclipseLogger - Copying 1 resource
2019-12-09 20:41:43,677 [Worker-44] INFO  o.e.m.c.i.embedder.EclipseLogger - Copying 0 resource
2019-12-09 20:41:43,680 [Worker-44] INFO  o.e.m.c.i.embedder.EclipseLogger - Using 'UTF-8' encoding to copy filtered resources.
2019-12-09 20:41:43,680 [Worker-44] INFO  o.e.m.c.i.embedder.EclipseLogger - Copying 0 resource
2019-12-09 20:48:40,318 [Worker-49] WARN  o.e.r.models.ModelRepository - Failed to download org.eclipse.recommenders:index::zip:0.0.0
org.eclipse.aether.resolution.ArtifactResolutionException: Could not find artifact org.eclipse.recommenders:index:zip:0.0.0-SNAPSHOT in models (http://download.eclipse.org/recommenders/models/mars/)
	at org.eclipse.aether.internal.impl.DefaultArtifactResolver.resolve(DefaultArtifactResolver.java:444) ~[na:na]
	at org.eclipse.aether.internal.impl.DefaultArtifactResolver.resolveArtifacts(DefaultArtifactResolver.java:246) ~[na:na]
	at org.eclipse.aether.internal.impl.DefaultArtifactResolver.resolveArtifact(DefaultArtifactResolver.java:223) ~[na:na]
	at org.eclipse.aether.internal.impl.DefaultRepositorySystem.resolveArtifact(DefaultRepositorySystem.java:294) ~[na:na]
	at org.eclipse.recommenders.models.ModelRepository.resolveInternal(ModelRepository.java:192) [org.eclipse.recommenders.models_2.3.0.v20160216-1255.jar:na]
	at org.eclipse.recommenders.models.ModelRepository.resolve(ModelRepository.java:174) [org.eclipse.recommenders.models_2.3.0.v20160216-1255.jar:na]
	at org.eclipse.recommenders.internal.models.rcp.EclipseModelRepository.resolve(EclipseModelRepository.java:165) [org.eclipse.recommenders.models.rcp_2.3.0.v20160216-1255.jar:na]
	at org.eclipse.recommenders.internal.models.rcp.DownloadModelArchiveJob.run(DownloadModelArchiveJob.java:76) [org.eclipse.recommenders.models.rcp_2.3.0.v20160216-1255.jar:na]
	at org.eclipse.core.internal.jobs.Worker.run(Worker.java:55) [org.eclipse.core.jobs_3.7.0.v20150330-2103.jar:na]
Caused by: org.eclipse.aether.transfer.ArtifactNotFoundException: Could not find artifact org.eclipse.recommenders:index:zip:0.0.0-SNAPSHOT in models (http://download.eclipse.org/recommenders/models/mars/)
	at org.eclipse.aether.connector.basic.ArtifactTransportListener.transferFailed(ArtifactTransportListener.java:39) ~[org.eclipse.aether.connector.basic_1.0.1.v20141111.jar:na]
	at org.eclipse.aether.connector.basic.BasicRepositoryConnector$TaskRunner.run(BasicRepositoryConnector.java:355) ~[org.eclipse.aether.connector.basic_1.0.1.v20141111.jar:na]
	at org.eclipse.aether.util.concurrency.RunnableErrorForwarder$1.run(RunnableErrorForwarder.java:67) ~[na:na]
	at org.eclipse.aether.connector.basic.BasicRepositoryConnector$DirectExecutor.execute(BasicRepositoryConnector.java:581) ~[org.eclipse.aether.connector.basic_1.0.1.v20141111.jar:na]
	at org.eclipse.aether.connector.basic.BasicRepositoryConnector.get(BasicRepositoryConnector.java:249) ~[org.eclipse.aether.connector.basic_1.0.1.v20141111.jar:na]
	at org.eclipse.aether.internal.impl.DefaultArtifactResolver.performDownloads(DefaultArtifactResolver.java:520) ~[na:na]
	at org.eclipse.aether.internal.impl.DefaultArtifactResolver.resolve(DefaultArtifactResolver.java:421) ~[na:na]
	... 8 common frames omitted
2019-12-09 20:57:55,745 [Worker-52] INFO  o.e.m.c.i.embedder.EclipseLogger - Using 'UTF-8' encoding to copy filtered resources.
2019-12-09 20:57:55,746 [Worker-52] INFO  o.e.m.c.i.embedder.EclipseLogger - Copying 1 resource
2019-12-09 20:57:55,749 [Worker-52] INFO  o.e.m.c.i.embedder.EclipseLogger - Copying 0 resource
2019-12-09 20:57:55,751 [Worker-52] INFO  o.e.m.c.i.embedder.EclipseLogger - Using 'UTF-8' encoding to copy filtered resources.
2019-12-09 20:57:55,751 [Worker-52] INFO  o.e.m.c.i.embedder.EclipseLogger - Copying 0 resource
2019-12-09 20:58:49,173 [Worker-46] INFO  o.e.m.c.i.embedder.EclipseLogger - Using 'UTF-8' encoding to copy filtered resources.
2019-12-09 20:58:49,174 [Worker-46] INFO  o.e.m.c.i.embedder.EclipseLogger - Copying 1 resource
2019-12-09 20:58:49,176 [Worker-46] INFO  o.e.m.c.i.embedder.EclipseLogger - Copying 0 resource
2019-12-09 20:58:49,178 [Worker-46] INFO  o.e.m.c.i.embedder.EclipseLogger - Using 'UTF-8' encoding to copy filtered resources.
2019-12-09 20:58:49,179 [Worker-46] INFO  o.e.m.c.i.embedder.EclipseLogger - Copying 0 resource
2019-12-09 21:00:14,380 [Worker-51] INFO  o.e.m.c.i.embedder.EclipseLogger - Using 'UTF-8' encoding to copy filtered resources.
2019-12-09 21:00:14,381 [Worker-51] INFO  o.e.m.c.i.embedder.EclipseLogger - Copying 1 resource
2019-12-09 21:00:14,383 [Worker-51] INFO  o.e.m.c.i.embedder.EclipseLogger - Copying 0 resource
2019-12-09 21:00:14,386 [Worker-51] INFO  o.e.m.c.i.embedder.EclipseLogger - Using 'UTF-8' encoding to copy filtered resources.
2019-12-09 21:00:14,386 [Worker-51] INFO  o.e.m.c.i.embedder.EclipseLogger - Copying 0 resource
2019-12-09 21:00:27,200 [Worker-53] INFO  o.e.m.c.i.embedder.EclipseLogger - Using 'UTF-8' encoding to copy filtered resources.
2019-12-09 21:00:27,201 [Worker-53] INFO  o.e.m.c.i.embedder.EclipseLogger - Copying 1 resource
2019-12-09 21:00:27,204 [Worker-53] INFO  o.e.m.c.i.embedder.EclipseLogger - Copying 0 resource
2019-12-09 21:00:27,209 [Worker-53] INFO  o.e.m.c.i.embedder.EclipseLogger - Using 'UTF-8' encoding to copy filtered resources.
2019-12-09 21:00:27,209 [Worker-53] INFO  o.e.m.c.i.embedder.EclipseLogger - Copying 0 resource
2019-12-09 21:00:49,878 [Worker-54] INFO  o.e.m.c.i.embedder.EclipseLogger - Using 'UTF-8' encoding to copy filtered resources.
2019-12-09 21:00:49,879 [Worker-54] INFO  o.e.m.c.i.embedder.EclipseLogger - Copying 1 resource
2019-12-09 21:00:49,881 [Worker-54] INFO  o.e.m.c.i.embedder.EclipseLogger - Copying 0 resource
2019-12-09 21:00:49,887 [Worker-54] INFO  o.e.m.c.i.embedder.EclipseLogger - Using 'UTF-8' encoding to copy filtered resources.
2019-12-09 21:00:49,888 [Worker-54] INFO  o.e.m.c.i.embedder.EclipseLogger - Copying 0 resource
2019-12-09 21:01:13,309 [Worker-54] INFO  o.e.m.c.i.embedder.EclipseLogger - Using 'UTF-8' encoding to copy filtered resources.
2019-12-09 21:01:13,310 [Worker-54] INFO  o.e.m.c.i.embedder.EclipseLogger - Copying 1 resource
2019-12-09 21:01:13,313 [Worker-54] INFO  o.e.m.c.i.embedder.EclipseLogger - Copying 0 resource
2019-12-09 21:01:13,316 [Worker-54] INFO  o.e.m.c.i.embedder.EclipseLogger - Using 'UTF-8' encoding to copy filtered resources.
2019-12-09 21:01:13,316 [Worker-54] INFO  o.e.m.c.i.embedder.EclipseLogger - Copying 0 resource
2019-12-09 21:02:20,576 [Worker-55] INFO  o.e.m.c.i.embedder.EclipseLogger - Using 'UTF-8' encoding to copy filtered resources.
2019-12-09 21:02:20,577 [Worker-55] INFO  o.e.m.c.i.embedder.EclipseLogger - Copying 1 resource
2019-12-09 21:02:20,579 [Worker-55] INFO  o.e.m.c.i.embedder.EclipseLogger - Copying 0 resource
2019-12-09 21:02:20,581 [Worker-55] INFO  o.e.m.c.i.embedder.EclipseLogger - Using 'UTF-8' encoding to copy filtered resources.
2019-12-09 21:02:20,581 [Worker-55] INFO  o.e.m.c.i.embedder.EclipseLogger - Copying 0 resource
2019-12-09 21:02:30,841 [Worker-51] INFO  o.e.m.c.i.embedder.EclipseLogger - Using 'UTF-8' encoding to copy filtered resources.
2019-12-09 21:02:30,841 [Worker-51] INFO  o.e.m.c.i.embedder.EclipseLogger - Copying 1 resource
2019-12-09 21:02:30,843 [Worker-51] INFO  o.e.m.c.i.embedder.EclipseLogger - Copying 0 resource
2019-12-09 21:02:30,846 [Worker-51] INFO  o.e.m.c.i.embedder.EclipseLogger - Using 'UTF-8' encoding to copy filtered resources.
2019-12-09 21:02:30,846 [Worker-51] INFO  o.e.m.c.i.embedder.EclipseLogger - Copying 0 resource
2019-12-09 21:02:34,158 [Worker-53] INFO  o.e.m.c.i.embedder.EclipseLogger - Using 'UTF-8' encoding to copy filtered resources.
2019-12-09 21:02:34,159 [Worker-53] INFO  o.e.m.c.i.embedder.EclipseLogger - Copying 1 resource
2019-12-09 21:02:34,161 [Worker-53] INFO  o.e.m.c.i.embedder.EclipseLogger - Copying 0 resource
2019-12-09 21:02:34,163 [Worker-53] INFO  o.e.m.c.i.embedder.EclipseLogger - Using 'UTF-8' encoding to copy filtered resources.
2019-12-09 21:02:34,164 [Worker-53] INFO  o.e.m.c.i.embedder.EclipseLogger - Copying 0 resource
2019-12-09 21:10:16,840 [Worker-56] INFO  o.e.m.c.i.embedder.EclipseLogger - Using 'UTF-8' encoding to copy filtered resources.
2019-12-09 21:10:16,841 [Worker-56] INFO  o.e.m.c.i.embedder.EclipseLogger - Copying 1 resource
2019-12-09 21:10:16,842 [Worker-56] INFO  o.e.m.c.i.embedder.EclipseLogger - Copying 0 resource
2019-12-09 21:10:16,844 [Worker-56] INFO  o.e.m.c.i.embedder.EclipseLogger - Using 'UTF-8' encoding to copy filtered resources.
2019-12-09 21:10:16,845 [Worker-56] INFO  o.e.m.c.i.embedder.EclipseLogger - Copying 0 resource
2019-12-09 21:11:07,027 [Worker-53] INFO  o.e.m.c.i.embedder.EclipseLogger - Using 'UTF-8' encoding to copy filtered resources.
2019-12-09 21:11:07,028 [Worker-53] INFO  o.e.m.c.i.embedder.EclipseLogger - Copying 1 resource
2019-12-09 21:11:07,029 [Worker-53] INFO  o.e.m.c.i.embedder.EclipseLogger - Copying 0 resource
2019-12-09 21:11:07,032 [Worker-53] INFO  o.e.m.c.i.embedder.EclipseLogger - Using 'UTF-8' encoding to copy filtered resources.
2019-12-09 21:11:07,033 [Worker-53] INFO  o.e.m.c.i.embedder.EclipseLogger - Copying 0 resource
2019-12-09 21:22:29,777 [Worker-63] INFO  o.e.m.c.i.embedder.EclipseLogger - Using 'UTF-8' encoding to copy filtered resources.
2019-12-09 21:22:29,778 [Worker-63] INFO  o.e.m.c.i.embedder.EclipseLogger - Copying 1 resource
2019-12-09 21:22:29,780 [Worker-63] INFO  o.e.m.c.i.embedder.EclipseLogger - Copying 0 resource
2019-12-09 21:22:29,782 [Worker-63] INFO  o.e.m.c.i.embedder.EclipseLogger - Using 'UTF-8' encoding to copy filtered resources.
2019-12-09 21:22:29,782 [Worker-63] INFO  o.e.m.c.i.embedder.EclipseLogger - Copying 0 resource
2019-12-09 21:24:01,473 [Worker-64] INFO  o.e.m.c.i.embedder.EclipseLogger - Using 'UTF-8' encoding to copy filtered resources.
2019-12-09 21:24:01,474 [Worker-64] INFO  o.e.m.c.i.embedder.EclipseLogger - Copying 1 resource
2019-12-09 21:24:01,476 [Worker-64] INFO  o.e.m.c.i.embedder.EclipseLogger - Copying 0 resource
2019-12-09 21:24:01,480 [Worker-64] INFO  o.e.m.c.i.embedder.EclipseLogger - Using 'UTF-8' encoding to copy filtered resources.
2019-12-09 21:24:01,480 [Worker-64] INFO  o.e.m.c.i.embedder.EclipseLogger - Copying 0 resource
2019-12-09 21:24:03,613 [Worker-66] INFO  o.e.m.c.i.embedder.EclipseLogger - Using 'UTF-8' encoding to copy filtered resources.
2019-12-09 21:24:03,614 [Worker-66] INFO  o.e.m.c.i.embedder.EclipseLogger - Copying 1 resource
2019-12-09 21:24:03,616 [Worker-66] INFO  o.e.m.c.i.embedder.EclipseLogger - Copying 0 resource
2019-12-09 21:24:03,618 [Worker-66] INFO  o.e.m.c.i.embedder.EclipseLogger - Using 'UTF-8' encoding to copy filtered resources.
2019-12-09 21:24:03,618 [Worker-66] INFO  o.e.m.c.i.embedder.EclipseLogger - Copying 0 resource
2019-12-09 21:24:57,133 [Worker-63] INFO  o.e.m.c.i.embedder.EclipseLogger - Using 'UTF-8' encoding to copy filtered resources.
2019-12-09 21:24:57,134 [Worker-63] INFO  o.e.m.c.i.embedder.EclipseLogger - Copying 1 resource
2019-12-09 21:24:57,135 [Worker-63] INFO  o.e.m.c.i.embedder.EclipseLogger - Copying 0 resource
2019-12-09 21:24:57,137 [Worker-63] INFO  o.e.m.c.i.embedder.EclipseLogger - Using 'UTF-8' encoding to copy filtered resources.
2019-12-09 21:24:57,138 [Worker-63] INFO  o.e.m.c.i.embedder.EclipseLogger - Copying 0 resource
2019-12-09 21:29:12,247 [Worker-65] INFO  o.e.m.c.i.embedder.EclipseLogger - Using 'UTF-8' encoding to copy filtered resources.
2019-12-09 21:29:12,248 [Worker-65] INFO  o.e.m.c.i.embedder.EclipseLogger - Copying 1 resource
2019-12-09 21:29:12,250 [Worker-65] INFO  o.e.m.c.i.embedder.EclipseLogger - Copying 0 resource
2019-12-09 21:29:12,252 [Worker-65] INFO  o.e.m.c.i.embedder.EclipseLogger - Using 'UTF-8' encoding to copy filtered resources.
2019-12-09 21:29:12,252 [Worker-65] INFO  o.e.m.c.i.embedder.EclipseLogger - Copying 0 resource
2019-12-09 21:31:31,886 [Worker-66] INFO  o.e.m.c.i.embedder.EclipseLogger - Using 'UTF-8' encoding to copy filtered resources.
2019-12-09 21:31:31,887 [Worker-66] INFO  o.e.m.c.i.embedder.EclipseLogger - Copying 1 resource
2019-12-09 21:31:31,888 [Worker-66] INFO  o.e.m.c.i.embedder.EclipseLogger - Copying 0 resource
2019-12-09 21:31:31,889 [Worker-66] INFO  o.e.m.c.i.embedder.EclipseLogger - Using 'UTF-8' encoding to copy filtered resources.
2019-12-09 21:31:31,889 [Worker-66] INFO  o.e.m.c.i.embedder.EclipseLogger - Copying 0 resource
2019-12-09 21:35:03,584 [Worker-72] INFO  o.e.m.c.i.embedder.EclipseLogger - Using 'UTF-8' encoding to copy filtered resources.
2019-12-09 21:35:03,585 [Worker-72] INFO  o.e.m.c.i.embedder.EclipseLogger - Copying 1 resource
2019-12-09 21:35:03,586 [Worker-72] INFO  o.e.m.c.i.embedder.EclipseLogger - Copying 0 resource
2019-12-09 21:35:03,588 [Worker-72] INFO  o.e.m.c.i.embedder.EclipseLogger - Using 'UTF-8' encoding to copy filtered resources.
2019-12-09 21:35:03,588 [Worker-72] INFO  o.e.m.c.i.embedder.EclipseLogger - Copying 0 resource
2019-12-09 21:37:25,152 [Worker-70] INFO  o.e.m.c.i.embedder.EclipseLogger - Using 'UTF-8' encoding to copy filtered resources.
2019-12-09 21:37:25,153 [Worker-70] INFO  o.e.m.c.i.embedder.EclipseLogger - Copying 1 resource
2019-12-09 21:37:25,154 [Worker-70] INFO  o.e.m.c.i.embedder.EclipseLogger - Copying 0 resource
2019-12-09 21:37:25,156 [Worker-70] INFO  o.e.m.c.i.embedder.EclipseLogger - Using 'UTF-8' encoding to copy filtered resources.
2019-12-09 21:37:25,156 [Worker-70] INFO  o.e.m.c.i.embedder.EclipseLogger - Copying 0 resource
2019-12-09 21:38:19,375 [Worker-70] INFO  o.e.m.c.i.embedder.EclipseLogger - Using 'UTF-8' encoding to copy filtered resources.
2019-12-09 21:38:19,375 [Worker-70] INFO  o.e.m.c.i.embedder.EclipseLogger - Copying 1 resource
2019-12-09 21:38:19,377 [Worker-70] INFO  o.e.m.c.i.embedder.EclipseLogger - Copying 0 resource
2019-12-09 21:38:19,380 [Worker-70] INFO  o.e.m.c.i.embedder.EclipseLogger - Using 'UTF-8' encoding to copy filtered resources.
2019-12-09 21:38:19,381 [Worker-70] INFO  o.e.m.c.i.embedder.EclipseLogger - Copying 0 resource
2019-12-09 21:40:53,385 [Worker-78] INFO  o.e.m.c.i.embedder.EclipseLogger - Using 'UTF-8' encoding to copy filtered resources.
2019-12-09 21:40:53,386 [Worker-78] INFO  o.e.m.c.i.embedder.EclipseLogger - Copying 1 resource
2019-12-09 21:40:53,387 [Worker-78] INFO  o.e.m.c.i.embedder.EclipseLogger - Copying 0 resource
2019-12-09 21:40:53,389 [Worker-78] INFO  o.e.m.c.i.embedder.EclipseLogger - Using 'UTF-8' encoding to copy filtered resources.
2019-12-09 21:40:53,389 [Worker-78] INFO  o.e.m.c.i.embedder.EclipseLogger - Copying 0 resource
2019-12-09 21:43:38,303 [Worker-75] INFO  o.e.m.c.i.embedder.EclipseLogger - Using 'UTF-8' encoding to copy filtered resources.
2019-12-09 21:43:38,303 [Worker-75] INFO  o.e.m.c.i.embedder.EclipseLogger - Copying 1 resource
2019-12-09 21:43:38,305 [Worker-75] INFO  o.e.m.c.i.embedder.EclipseLogger - Copying 0 resource
2019-12-09 21:43:38,307 [Worker-75] INFO  o.e.m.c.i.embedder.EclipseLogger - Using 'UTF-8' encoding to copy filtered resources.
2019-12-09 21:43:38,307 [Worker-75] INFO  o.e.m.c.i.embedder.EclipseLogger - Copying 0 resource
2019-12-09 22:11:40,727 [Worker-75] INFO  o.e.m.c.i.embedder.EclipseLogger - Using 'UTF-8' encoding to copy filtered resources.
2019-12-09 22:11:40,728 [Worker-75] INFO  o.e.m.c.i.embedder.EclipseLogger - Copying 1 resource
2019-12-09 22:11:40,730 [Worker-75] INFO  o.e.m.c.i.embedder.EclipseLogger - Copying 0 resource
2019-12-09 22:11:40,732 [Worker-75] INFO  o.e.m.c.i.embedder.EclipseLogger - Using 'UTF-8' encoding to copy filtered resources.
2019-12-09 22:11:40,732 [Worker-75] INFO  o.e.m.c.i.embedder.EclipseLogger - Copying 0 resource
2019-12-09 22:23:45,887 [Worker-97] INFO  o.e.m.c.i.embedder.EclipseLogger - Using 'UTF-8' encoding to copy filtered resources.
2019-12-09 22:23:45,887 [Worker-97] INFO  o.e.m.c.i.embedder.EclipseLogger - Copying 1 resource
2019-12-09 22:23:45,889 [Worker-97] INFO  o.e.m.c.i.embedder.EclipseLogger - Copying 0 resource
2019-12-09 22:23:45,892 [Worker-97] INFO  o.e.m.c.i.embedder.EclipseLogger - Using 'UTF-8' encoding to copy filtered resources.
2019-12-09 22:23:45,892 [Worker-97] INFO  o.e.m.c.i.embedder.EclipseLogger - Copying 0 resource
2019-12-09 22:23:59,450 [Worker-99] INFO  o.e.m.c.i.embedder.EclipseLogger - Using 'UTF-8' encoding to copy filtered resources.
2019-12-09 22:23:59,450 [Worker-99] INFO  o.e.m.c.i.embedder.EclipseLogger - Copying 1 resource
2019-12-09 22:23:59,452 [Worker-99] INFO  o.e.m.c.i.embedder.EclipseLogger - Copying 0 resource
2019-12-09 22:23:59,460 [Worker-99] INFO  o.e.m.c.i.embedder.EclipseLogger - Using 'UTF-8' encoding to copy filtered resources.
2019-12-09 22:23:59,460 [Worker-99] INFO  o.e.m.c.i.embedder.EclipseLogger - Copying 0 resource
2019-12-09 22:30:17,828 [Worker-101] INFO  o.e.m.c.i.embedder.EclipseLogger - Using 'UTF-8' encoding to copy filtered resources.
2019-12-09 22:30:17,829 [Worker-101] INFO  o.e.m.c.i.embedder.EclipseLogger - Copying 1 resource
2019-12-09 22:30:17,830 [Worker-101] INFO  o.e.m.c.i.embedder.EclipseLogger - Copying 0 resource
2019-12-09 22:30:17,832 [Worker-101] INFO  o.e.m.c.i.embedder.EclipseLogger - Using 'UTF-8' encoding to copy filtered resources.
2019-12-09 22:30:17,832 [Worker-101] INFO  o.e.m.c.i.embedder.EclipseLogger - Copying 0 resource
2019-12-09 22:33:41,158 [Worker-101] INFO  o.e.m.c.i.embedder.EclipseLogger - Using 'UTF-8' encoding to copy filtered resources.
2019-12-09 22:33:41,159 [Worker-101] INFO  o.e.m.c.i.embedder.EclipseLogger - Copying 1 resource
2019-12-09 22:33:41,161 [Worker-101] INFO  o.e.m.c.i.embedder.EclipseLogger - Copying 0 resource
2019-12-09 22:33:41,162 [Worker-101] INFO  o.e.m.c.i.embedder.EclipseLogger - Using 'UTF-8' encoding to copy filtered resources.
2019-12-09 22:33:41,163 [Worker-101] INFO  o.e.m.c.i.embedder.EclipseLogger - Copying 0 resource
2019-12-14 10:19:35,835 [Worker-8] INFO  o.e.m.c.i.embedder.EclipseLogger - Using 'UTF-8' encoding to copy filtered resources.
2019-12-14 10:19:36,031 [Worker-8] INFO  o.e.m.c.i.embedder.EclipseLogger - Copying 1 resource
2019-12-14 10:19:36,119 [Worker-8] INFO  o.e.m.c.i.embedder.EclipseLogger - Copying 0 resource
2019-12-14 10:19:36,127 [Worker-8] INFO  o.e.m.c.i.embedder.EclipseLogger - Using 'UTF-8' encoding to copy filtered resources.
2019-12-14 10:19:36,128 [Worker-8] INFO  o.e.m.c.i.embedder.EclipseLogger - Copying 0 resource
2019-12-14 10:19:41,335 [Worker-7] INFO  o.e.m.c.i.embedder.EclipseLogger - Using 'UTF-8' encoding to copy filtered resources.
2019-12-14 10:19:41,338 [Worker-7] INFO  o.e.m.c.i.embedder.EclipseLogger - Copying 0 resource
2019-12-14 10:19:41,338 [Worker-7] INFO  o.e.m.c.i.embedder.EclipseLogger - Copying 0 resource
2019-12-14 10:19:41,342 [Worker-7] INFO  o.e.m.c.i.embedder.EclipseLogger - Using 'UTF-8' encoding to copy filtered resources.
2019-12-14 10:19:41,343 [Worker-7] INFO  o.e.m.c.i.embedder.EclipseLogger - Copying 0 resource
2019-12-14 10:48:43,544 [Worker-22] INFO  o.e.m.c.i.embedder.EclipseLogger - Using 'UTF-8' encoding to copy filtered resources.
2019-12-14 10:48:43,549 [Worker-22] INFO  o.e.m.c.i.embedder.EclipseLogger - Copying 1 resource
2019-12-14 10:48:43,559 [Worker-22] INFO  o.e.m.c.i.embedder.EclipseLogger - Copying 0 resource
2019-12-14 10:48:43,561 [Worker-22] INFO  o.e.m.c.i.embedder.EclipseLogger - Using 'UTF-8' encoding to copy filtered resources.
2019-12-14 10:48:43,561 [Worker-22] INFO  o.e.m.c.i.embedder.EclipseLogger - Copying 0 resource
2019-12-14 10:53:41,842 [Worker-24] WARN  o.e.r.models.ModelRepository - Failed to download org.eclipse.recommenders:index::zip:0.0.0
org.eclipse.aether.resolution.ArtifactResolutionException: Could not find artifact org.eclipse.recommenders:index:zip:0.0.0-SNAPSHOT in models (http://download.eclipse.org/recommenders/models/mars/)
	at org.eclipse.aether.internal.impl.DefaultArtifactResolver.resolve(DefaultArtifactResolver.java:444) ~[na:na]
	at org.eclipse.aether.internal.impl.DefaultArtifactResolver.resolveArtifacts(DefaultArtifactResolver.java:246) ~[na:na]
	at org.eclipse.aether.internal.impl.DefaultArtifactResolver.resolveArtifact(DefaultArtifactResolver.java:223) ~[na:na]
	at org.eclipse.aether.internal.impl.DefaultRepositorySystem.resolveArtifact(DefaultRepositorySystem.java:294) ~[na:na]
	at org.eclipse.recommenders.models.ModelRepository.resolveInternal(ModelRepository.java:192) [org.eclipse.recommenders.models_2.3.0.v20160216-1255.jar:na]
	at org.eclipse.recommenders.models.ModelRepository.resolve(ModelRepository.java:174) [org.eclipse.recommenders.models_2.3.0.v20160216-1255.jar:na]
	at org.eclipse.recommenders.internal.models.rcp.EclipseModelRepository.resolve(EclipseModelRepository.java:165) [org.eclipse.recommenders.models.rcp_2.3.0.v20160216-1255.jar:na]
	at org.eclipse.recommenders.internal.models.rcp.DownloadModelArchiveJob.run(DownloadModelArchiveJob.java:76) [org.eclipse.recommenders.models.rcp_2.3.0.v20160216-1255.jar:na]
	at org.eclipse.core.internal.jobs.Worker.run(Worker.java:55) [org.eclipse.core.jobs_3.7.0.v20150330-2103.jar:na]
Caused by: org.eclipse.aether.transfer.ArtifactNotFoundException: Could not find artifact org.eclipse.recommenders:index:zip:0.0.0-SNAPSHOT in models (http://download.eclipse.org/recommenders/models/mars/)
	at org.eclipse.aether.connector.basic.ArtifactTransportListener.transferFailed(ArtifactTransportListener.java:39) ~[org.eclipse.aether.connector.basic_1.0.1.v20141111.jar:na]
	at org.eclipse.aether.connector.basic.BasicRepositoryConnector$TaskRunner.run(BasicRepositoryConnector.java:355) ~[org.eclipse.aether.connector.basic_1.0.1.v20141111.jar:na]
	at org.eclipse.aether.util.concurrency.RunnableErrorForwarder$1.run(RunnableErrorForwarder.java:67) ~[na:na]
	at org.eclipse.aether.connector.basic.BasicRepositoryConnector$DirectExecutor.execute(BasicRepositoryConnector.java:581) ~[org.eclipse.aether.connector.basic_1.0.1.v20141111.jar:na]
	at org.eclipse.aether.connector.basic.BasicRepositoryConnector.get(BasicRepositoryConnector.java:249) ~[org.eclipse.aether.connector.basic_1.0.1.v20141111.jar:na]
	at org.eclipse.aether.internal.impl.DefaultArtifactResolver.performDownloads(DefaultArtifactResolver.java:520) ~[na:na]
	at org.eclipse.aether.internal.impl.DefaultArtifactResolver.resolve(DefaultArtifactResolver.java:421) ~[na:na]
	... 8 common frames omitted
2019-12-14 10:55:18,561 [Worker-27] INFO  o.e.m.c.i.embedder.EclipseLogger - Using 'UTF-8' encoding to copy filtered resources.
2019-12-14 10:55:18,598 [Worker-27] INFO  o.e.m.c.i.embedder.EclipseLogger - Copying 1 resource
2019-12-14 10:55:18,601 [Worker-27] INFO  o.e.m.c.i.embedder.EclipseLogger - Copying 0 resource
2019-12-14 10:55:18,602 [Worker-27] INFO  o.e.m.c.i.embedder.EclipseLogger - Using 'UTF-8' encoding to copy filtered resources.
2019-12-14 10:55:18,603 [Worker-27] INFO  o.e.m.c.i.embedder.EclipseLogger - Copying 0 resource
2019-12-14 12:26:51,717 [Worker-56] INFO  o.e.m.c.i.embedder.EclipseLogger - Using 'UTF-8' encoding to copy filtered resources.
2019-12-14 12:26:51,718 [Worker-56] INFO  o.e.m.c.i.embedder.EclipseLogger - Copying 1 resource
2019-12-14 12:26:51,720 [Worker-56] INFO  o.e.m.c.i.embedder.EclipseLogger - Copying 0 resource
2019-12-14 12:26:51,722 [Worker-56] INFO  o.e.m.c.i.embedder.EclipseLogger - Using 'UTF-8' encoding to copy filtered resources.
2019-12-14 12:26:51,723 [Worker-56] INFO  o.e.m.c.i.embedder.EclipseLogger - Copying 0 resource
2019-12-14 12:27:12,383 [Worker-59] INFO  o.e.m.c.i.embedder.EclipseLogger - Using 'UTF-8' encoding to copy filtered resources.
2019-12-14 12:27:12,384 [Worker-59] INFO  o.e.m.c.i.embedder.EclipseLogger - Copying 1 resource
2019-12-14 12:27:12,386 [Worker-59] INFO  o.e.m.c.i.embedder.EclipseLogger - Copying 0 resource
2019-12-14 12:27:12,388 [Worker-59] INFO  o.e.m.c.i.embedder.EclipseLogger - Using 'UTF-8' encoding to copy filtered resources.
2019-12-14 12:27:12,389 [Worker-59] INFO  o.e.m.c.i.embedder.EclipseLogger - Copying 0 resource
2019-12-14 12:27:26,856 [Worker-57] INFO  o.e.m.c.i.embedder.EclipseLogger - Using 'UTF-8' encoding to copy filtered resources.
2019-12-14 12:27:26,857 [Worker-57] INFO  o.e.m.c.i.embedder.EclipseLogger - Copying 1 resource
2019-12-14 12:27:26,859 [Worker-57] INFO  o.e.m.c.i.embedder.EclipseLogger - Copying 0 resource
2019-12-14 12:27:26,862 [Worker-57] INFO  o.e.m.c.i.embedder.EclipseLogger - Using 'UTF-8' encoding to copy filtered resources.
2019-12-14 12:27:26,862 [Worker-57] INFO  o.e.m.c.i.embedder.EclipseLogger - Copying 0 resource
2019-12-14 12:27:34,423 [Worker-49] INFO  o.e.m.c.i.embedder.EclipseLogger - Using 'UTF-8' encoding to copy filtered resources.
2019-12-14 12:27:34,424 [Worker-49] INFO  o.e.m.c.i.embedder.EclipseLogger - Copying 1 resource
2019-12-14 12:27:34,425 [Worker-49] INFO  o.e.m.c.i.embedder.EclipseLogger - Copying 0 resource
2019-12-14 12:27:34,428 [Worker-49] INFO  o.e.m.c.i.embedder.EclipseLogger - Using 'UTF-8' encoding to copy filtered resources.
2019-12-14 12:27:34,429 [Worker-49] INFO  o.e.m.c.i.embedder.EclipseLogger - Copying 0 resource
2019-12-14 12:27:53,771 [Worker-59] INFO  o.e.m.c.i.embedder.EclipseLogger - Using 'UTF-8' encoding to copy filtered resources.
2019-12-14 12:27:53,771 [Worker-59] INFO  o.e.m.c.i.embedder.EclipseLogger - Copying 1 resource
2019-12-14 12:27:53,773 [Worker-59] INFO  o.e.m.c.i.embedder.EclipseLogger - Copying 0 resource
2019-12-14 12:27:53,775 [Worker-59] INFO  o.e.m.c.i.embedder.EclipseLogger - Using 'UTF-8' encoding to copy filtered resources.
2019-12-14 12:27:53,775 [Worker-59] INFO  o.e.m.c.i.embedder.EclipseLogger - Copying 0 resource
2019-12-14 12:28:11,978 [Worker-58] INFO  o.e.m.c.i.embedder.EclipseLogger - Using 'UTF-8' encoding to copy filtered resources.
2019-12-14 12:28:11,979 [Worker-58] INFO  o.e.m.c.i.embedder.EclipseLogger - Copying 1 resource
2019-12-14 12:28:11,980 [Worker-58] INFO  o.e.m.c.i.embedder.EclipseLogger - Copying 0 resource
2019-12-14 12:28:11,982 [Worker-58] INFO  o.e.m.c.i.embedder.EclipseLogger - Using 'UTF-8' encoding to copy filtered resources.
2019-12-14 12:28:11,982 [Worker-58] INFO  o.e.m.c.i.embedder.EclipseLogger - Copying 0 resource
2019-12-14 12:28:31,389 [Worker-57] INFO  o.e.m.c.i.embedder.EclipseLogger - Using 'UTF-8' encoding to copy filtered resources.
2019-12-14 12:28:31,389 [Worker-57] INFO  o.e.m.c.i.embedder.EclipseLogger - Copying 1 resource
2019-12-14 12:28:31,391 [Worker-57] INFO  o.e.m.c.i.embedder.EclipseLogger - Copying 0 resource
2019-12-14 12:28:31,394 [Worker-57] INFO  o.e.m.c.i.embedder.EclipseLogger - Using 'UTF-8' encoding to copy filtered resources.
2019-12-14 12:28:31,394 [Worker-57] INFO  o.e.m.c.i.embedder.EclipseLogger - Copying 0 resource
2019-12-14 12:49:01,717 [Worker-61] INFO  o.e.m.c.i.embedder.EclipseLogger - Using 'UTF-8' encoding to copy filtered resources.
2019-12-14 12:49:01,718 [Worker-61] INFO  o.e.m.c.i.embedder.EclipseLogger - Copying 1 resource
2019-12-14 12:49:01,720 [Worker-61] INFO  o.e.m.c.i.embedder.EclipseLogger - Copying 0 resource
2019-12-14 12:49:01,723 [Worker-61] INFO  o.e.m.c.i.embedder.EclipseLogger - Using 'UTF-8' encoding to copy filtered resources.
2019-12-14 12:49:01,723 [Worker-61] INFO  o.e.m.c.i.embedder.EclipseLogger - Copying 0 resource
2019-12-14 18:30:25,386 [Worker-1] INFO  o.e.m.c.i.embedder.EclipseLogger - Using 'UTF-8' encoding to copy filtered resources.
2019-12-14 18:30:25,452 [Worker-1] INFO  o.e.m.c.i.embedder.EclipseLogger - Copying 1 resource
2019-12-14 18:30:25,506 [Worker-1] INFO  o.e.m.c.i.embedder.EclipseLogger - Copying 0 resource
2019-12-14 18:30:25,506 [Worker-1] INFO  o.e.m.c.i.embedder.EclipseLogger - Using 'UTF-8' encoding to copy filtered resources.
2019-12-14 18:30:25,506 [Worker-1] INFO  o.e.m.c.i.embedder.EclipseLogger - Copying 0 resource
2019-12-14 18:30:32,821 [Worker-8] INFO  o.e.m.c.i.embedder.EclipseLogger - Using 'UTF-8' encoding to copy filtered resources.
2019-12-14 18:30:32,841 [Worker-8] INFO  o.e.m.c.i.embedder.EclipseLogger - Copying 0 resource
2019-12-14 18:30:32,841 [Worker-8] INFO  o.e.m.c.i.embedder.EclipseLogger - Copying 0 resource
2019-12-14 18:30:32,841 [Worker-8] INFO  o.e.m.c.i.embedder.EclipseLogger - Using 'UTF-8' encoding to copy filtered resources.
2019-12-14 18:30:32,841 [Worker-8] INFO  o.e.m.c.i.embedder.EclipseLogger - Copying 0 resource
2019-12-15 09:55:30,031 [Worker-3] INFO  o.e.m.c.i.embedder.EclipseLogger - Using 'UTF-8' encoding to copy filtered resources.
2019-12-15 09:55:30,072 [Worker-3] INFO  o.e.m.c.i.embedder.EclipseLogger - Copying 1 resource
2019-12-15 09:55:30,111 [Worker-3] INFO  o.e.m.c.i.embedder.EclipseLogger - Copying 0 resource
2019-12-15 09:55:30,117 [Worker-3] INFO  o.e.m.c.i.embedder.EclipseLogger - Using 'UTF-8' encoding to copy filtered resources.
2019-12-15 09:55:30,118 [Worker-3] INFO  o.e.m.c.i.embedder.EclipseLogger - Copying 0 resource
2019-12-15 09:55:38,084 [Worker-20] INFO  o.e.m.c.i.embedder.EclipseLogger - Using 'UTF-8' encoding to copy filtered resources.
2019-12-15 09:55:38,088 [Worker-20] INFO  o.e.m.c.i.embedder.EclipseLogger - Copying 0 resource
2019-12-15 09:55:38,089 [Worker-20] INFO  o.e.m.c.i.embedder.EclipseLogger - Copying 0 resource
2019-12-15 09:55:38,093 [Worker-20] INFO  o.e.m.c.i.embedder.EclipseLogger - Using 'UTF-8' encoding to copy filtered resources.
2019-12-15 09:55:38,094 [Worker-20] INFO  o.e.m.c.i.embedder.EclipseLogger - Copying 0 resource
2019-12-15 10:44:51,804 [Worker-39] INFO  o.e.m.c.i.embedder.EclipseLogger - Using 'UTF-8' encoding to copy filtered resources.
2019-12-15 10:44:51,808 [Worker-39] INFO  o.e.m.c.i.embedder.EclipseLogger - Copying 1 resource
2019-12-15 10:44:51,812 [Worker-39] INFO  o.e.m.c.i.embedder.EclipseLogger - Copying 0 resource
2019-12-15 10:44:51,822 [Worker-39] INFO  o.e.m.c.i.embedder.EclipseLogger - Using 'UTF-8' encoding to copy filtered resources.
2019-12-15 10:44:51,823 [Worker-39] INFO  o.e.m.c.i.embedder.EclipseLogger - Copying 0 resource
2019-12-15 10:53:55,823 [Worker-42] INFO  o.e.m.c.i.embedder.EclipseLogger - Using 'UTF-8' encoding to copy filtered resources.
2019-12-15 10:53:55,826 [Worker-42] INFO  o.e.m.c.i.embedder.EclipseLogger - Copying 0 resource
2019-12-15 10:53:55,827 [Worker-42] INFO  o.e.m.c.i.embedder.EclipseLogger - Copying 1 resource
2019-12-15 10:53:55,859 [Worker-42] INFO  o.e.m.c.i.embedder.EclipseLogger - Using 'UTF-8' encoding to copy filtered resources.
2019-12-15 10:53:55,859 [Worker-42] INFO  o.e.m.c.i.embedder.EclipseLogger - Copying 0 resource
2019-12-15 10:53:56,898 [Worker-44] INFO  o.e.m.c.i.embedder.EclipseLogger - Using 'UTF-8' encoding to copy filtered resources.
2019-12-15 10:53:56,899 [Worker-44] INFO  o.e.m.c.i.embedder.EclipseLogger - Copying 0 resource
2019-12-15 10:53:56,899 [Worker-44] INFO  o.e.m.c.i.embedder.EclipseLogger - Copying 0 resource
2019-12-15 10:53:56,901 [Worker-44] INFO  o.e.m.c.i.embedder.EclipseLogger - Using 'UTF-8' encoding to copy filtered resources.
2019-12-15 10:53:56,902 [Worker-44] INFO  o.e.m.c.i.embedder.EclipseLogger - Copying 0 resource
2019-12-15 10:55:40,085 [Worker-41] INFO  o.e.m.c.i.embedder.EclipseLogger - Using 'UTF-8' encoding to copy filtered resources.
2019-12-15 10:55:40,091 [Worker-41] INFO  o.e.m.c.i.embedder.EclipseLogger - Copying 0 resource
2019-12-15 10:55:40,091 [Worker-41] INFO  o.e.m.c.i.embedder.EclipseLogger - Copying 1 resource
2019-12-15 10:55:40,096 [Worker-41] INFO  o.e.m.c.i.embedder.EclipseLogger - Using 'UTF-8' encoding to copy filtered resources.
2019-12-15 10:55:40,097 [Worker-41] INFO  o.e.m.c.i.embedder.EclipseLogger - Copying 0 resource
2019-12-15 10:55:41,132 [Worker-43] INFO  o.e.m.c.i.embedder.EclipseLogger - Using 'UTF-8' encoding to copy filtered resources.
2019-12-15 10:55:41,132 [Worker-43] INFO  o.e.m.c.i.embedder.EclipseLogger - Copying 0 resource
2019-12-15 10:55:41,132 [Worker-43] INFO  o.e.m.c.i.embedder.EclipseLogger - Copying 0 resource
2019-12-15 10:55:41,135 [Worker-43] INFO  o.e.m.c.i.embedder.EclipseLogger - Using 'UTF-8' encoding to copy filtered resources.
2019-12-15 10:55:41,135 [Worker-43] INFO  o.e.m.c.i.embedder.EclipseLogger - Copying 0 resource
2019-12-15 10:58:07,703 [Worker-41] INFO  o.e.m.c.i.embedder.EclipseLogger - Using 'UTF-8' encoding to copy filtered resources.
2019-12-15 10:58:07,703 [Worker-41] INFO  o.e.m.c.i.embedder.EclipseLogger - Copying 0 resource
2019-12-15 10:58:07,704 [Worker-41] INFO  o.e.m.c.i.embedder.EclipseLogger - Copying 1 resource
2019-12-15 10:58:07,709 [Worker-41] INFO  o.e.m.c.i.embedder.EclipseLogger - Using 'UTF-8' encoding to copy filtered resources.
2019-12-15 10:58:07,710 [Worker-41] INFO  o.e.m.c.i.embedder.EclipseLogger - Copying 0 resource
2019-12-15 11:00:30,478 [Worker-46] INFO  o.e.m.c.i.embedder.EclipseLogger - Using 'UTF-8' encoding to copy filtered resources.
2019-12-15 11:00:30,478 [Worker-46] INFO  o.e.m.c.i.embedder.EclipseLogger - Copying 1 resource
2019-12-15 11:00:30,479 [Worker-46] INFO  o.e.m.c.i.embedder.EclipseLogger - Copying 0 resource
2019-12-15 11:00:30,481 [Worker-46] INFO  o.e.m.c.i.embedder.EclipseLogger - Using 'UTF-8' encoding to copy filtered resources.
2019-12-15 11:00:30,482 [Worker-46] INFO  o.e.m.c.i.embedder.EclipseLogger - Copying 0 resource
2019-12-15 11:19:36,357 [Worker-39] INFO  o.e.m.c.i.embedder.EclipseLogger - Using 'UTF-8' encoding to copy filtered resources.
2019-12-15 11:19:36,358 [Worker-39] INFO  o.e.m.c.i.embedder.EclipseLogger - Copying 1 resource
2019-12-15 11:19:36,359 [Worker-39] INFO  o.e.m.c.i.embedder.EclipseLogger - Copying 0 resource
2019-12-15 11:19:36,362 [Worker-39] INFO  o.e.m.c.i.embedder.EclipseLogger - Using 'UTF-8' encoding to copy filtered resources.
2019-12-15 11:19:36,362 [Worker-39] INFO  o.e.m.c.i.embedder.EclipseLogger - Copying 0 resource
2019-12-15 11:43:43,598 [Worker-58] INFO  o.e.m.c.i.embedder.EclipseLogger - Using 'UTF-8' encoding to copy filtered resources.
2019-12-15 11:43:43,599 [Worker-58] INFO  o.e.m.c.i.embedder.EclipseLogger - Copying 1 resource
2019-12-15 11:43:43,617 [Worker-58] INFO  o.e.m.c.i.embedder.EclipseLogger - Copying 1 resource
2019-12-15 11:43:43,620 [Worker-58] INFO  o.e.m.c.i.embedder.EclipseLogger - Using 'UTF-8' encoding to copy filtered resources.
2019-12-15 11:43:43,621 [Worker-58] INFO  o.e.m.c.i.embedder.EclipseLogger - Copying 0 resource
2019-12-15 11:44:08,078 [Worker-63] WARN  o.e.r.models.ModelRepository - Failed to download org.eclipse.recommenders:index::zip:0.0.0
org.eclipse.aether.resolution.ArtifactResolutionException: Could not find artifact org.eclipse.recommenders:index:zip:0.0.0-SNAPSHOT in models (http://download.eclipse.org/recommenders/models/mars/)
	at org.eclipse.aether.internal.impl.DefaultArtifactResolver.resolve(DefaultArtifactResolver.java:444) ~[na:na]
	at org.eclipse.aether.internal.impl.DefaultArtifactResolver.resolveArtifacts(DefaultArtifactResolver.java:246) ~[na:na]
	at org.eclipse.aether.internal.impl.DefaultArtifactResolver.resolveArtifact(DefaultArtifactResolver.java:223) ~[na:na]
	at org.eclipse.aether.internal.impl.DefaultRepositorySystem.resolveArtifact(DefaultRepositorySystem.java:294) ~[na:na]
	at org.eclipse.recommenders.models.ModelRepository.resolveInternal(ModelRepository.java:192) [org.eclipse.recommenders.models_2.3.0.v20160216-1255.jar:na]
	at org.eclipse.recommenders.models.ModelRepository.resolve(ModelRepository.java:174) [org.eclipse.recommenders.models_2.3.0.v20160216-1255.jar:na]
	at org.eclipse.recommenders.internal.models.rcp.EclipseModelRepository.resolve(EclipseModelRepository.java:165) [org.eclipse.recommenders.models.rcp_2.3.0.v20160216-1255.jar:na]
	at org.eclipse.recommenders.internal.models.rcp.DownloadModelArchiveJob.run(DownloadModelArchiveJob.java:76) [org.eclipse.recommenders.models.rcp_2.3.0.v20160216-1255.jar:na]
	at org.eclipse.core.internal.jobs.Worker.run(Worker.java:55) [org.eclipse.core.jobs_3.7.0.v20150330-2103.jar:na]
Caused by: org.eclipse.aether.transfer.ArtifactNotFoundException: Could not find artifact org.eclipse.recommenders:index:zip:0.0.0-SNAPSHOT in models (http://download.eclipse.org/recommenders/models/mars/)
	at org.eclipse.aether.connector.basic.ArtifactTransportListener.transferFailed(ArtifactTransportListener.java:39) ~[org.eclipse.aether.connector.basic_1.0.1.v20141111.jar:na]
	at org.eclipse.aether.connector.basic.BasicRepositoryConnector$TaskRunner.run(BasicRepositoryConnector.java:355) ~[org.eclipse.aether.connector.basic_1.0.1.v20141111.jar:na]
	at org.eclipse.aether.util.concurrency.RunnableErrorForwarder$1.run(RunnableErrorForwarder.java:67) ~[na:na]
	at org.eclipse.aether.connector.basic.BasicRepositoryConnector$DirectExecutor.execute(BasicRepositoryConnector.java:581) ~[org.eclipse.aether.connector.basic_1.0.1.v20141111.jar:na]
	at org.eclipse.aether.connector.basic.BasicRepositoryConnector.get(BasicRepositoryConnector.java:249) ~[org.eclipse.aether.connector.basic_1.0.1.v20141111.jar:na]
	at org.eclipse.aether.internal.impl.DefaultArtifactResolver.performDownloads(DefaultArtifactResolver.java:520) ~[na:na]
	at org.eclipse.aether.internal.impl.DefaultArtifactResolver.resolve(DefaultArtifactResolver.java:421) ~[na:na]
	... 8 common frames omitted
2019-12-15 11:47:27,912 [Worker-58] INFO  o.e.m.c.i.embedder.EclipseLogger - Using 'UTF-8' encoding to copy filtered resources.
2019-12-15 11:47:27,913 [Worker-58] INFO  o.e.m.c.i.embedder.EclipseLogger - Copying 1 resource
2019-12-15 11:47:27,914 [Worker-58] INFO  o.e.m.c.i.embedder.EclipseLogger - Copying 1 resource
2019-12-15 11:47:27,917 [Worker-58] INFO  o.e.m.c.i.embedder.EclipseLogger - Using 'UTF-8' encoding to copy filtered resources.
2019-12-15 11:47:27,917 [Worker-58] INFO  o.e.m.c.i.embedder.EclipseLogger - Copying 0 resource
2019-12-15 11:47:31,053 [Worker-57] INFO  o.e.m.c.i.embedder.EclipseLogger - Using 'UTF-8' encoding to copy filtered resources.
2019-12-15 11:47:31,054 [Worker-57] INFO  o.e.m.c.i.embedder.EclipseLogger - Copying 1 resource
2019-12-15 11:47:31,056 [Worker-57] INFO  o.e.m.c.i.embedder.EclipseLogger - Copying 1 resource
2019-12-15 11:47:31,061 [Worker-57] INFO  o.e.m.c.i.embedder.EclipseLogger - Using 'UTF-8' encoding to copy filtered resources.
2019-12-15 11:47:31,062 [Worker-57] INFO  o.e.m.c.i.embedder.EclipseLogger - Copying 0 resource
2019-12-15 11:56:25,772 [Worker-66] INFO  o.e.m.c.i.embedder.EclipseLogger - Using 'UTF-8' encoding to copy filtered resources.
2019-12-15 11:56:25,772 [Worker-66] INFO  o.e.m.c.i.embedder.EclipseLogger - Copying 1 resource
2019-12-15 11:56:25,774 [Worker-66] INFO  o.e.m.c.i.embedder.EclipseLogger - Copying 1 resource
2019-12-15 11:56:25,777 [Worker-66] INFO  o.e.m.c.i.embedder.EclipseLogger - Using 'UTF-8' encoding to copy filtered resources.
2019-12-15 11:56:25,778 [Worker-66] INFO  o.e.m.c.i.embedder.EclipseLogger - Copying 0 resource
2019-12-15 11:56:26,817 [Worker-66] INFO  o.e.m.c.i.embedder.EclipseLogger - Using 'UTF-8' encoding to copy filtered resources.
2019-12-15 11:56:26,818 [Worker-66] INFO  o.e.m.c.i.embedder.EclipseLogger - Copying 1 resource
2019-12-15 11:56:26,819 [Worker-66] INFO  o.e.m.c.i.embedder.EclipseLogger - Copying 1 resource
2019-12-15 11:56:26,821 [Worker-66] INFO  o.e.m.c.i.embedder.EclipseLogger - Using 'UTF-8' encoding to copy filtered resources.
2019-12-15 11:56:26,822 [Worker-66] INFO  o.e.m.c.i.embedder.EclipseLogger - Copying 0 resource
2019-12-15 11:58:25,014 [Worker-60] INFO  o.e.m.c.i.embedder.EclipseLogger - Using 'UTF-8' encoding to copy filtered resources.
2019-12-15 11:58:25,014 [Worker-60] INFO  o.e.m.c.i.embedder.EclipseLogger - Copying 1 resource
2019-12-15 11:58:25,016 [Worker-60] INFO  o.e.m.c.i.embedder.EclipseLogger - Copying 1 resource
2019-12-15 11:58:25,018 [Worker-60] INFO  o.e.m.c.i.embedder.EclipseLogger - Using 'UTF-8' encoding to copy filtered resources.
2019-12-15 11:58:25,018 [Worker-60] INFO  o.e.m.c.i.embedder.EclipseLogger - Copying 0 resource
2019-12-15 11:58:26,044 [Worker-60] INFO  o.e.m.c.i.embedder.EclipseLogger - Using 'UTF-8' encoding to copy filtered resources.
2019-12-15 11:58:26,045 [Worker-60] INFO  o.e.m.c.i.embedder.EclipseLogger - Copying 1 resource
2019-12-15 11:58:26,046 [Worker-60] INFO  o.e.m.c.i.embedder.EclipseLogger - Copying 1 resource
2019-12-15 11:58:26,048 [Worker-60] INFO  o.e.m.c.i.embedder.EclipseLogger - Using 'UTF-8' encoding to copy filtered resources.
2019-12-15 11:58:26,048 [Worker-60] INFO  o.e.m.c.i.embedder.EclipseLogger - Copying 0 resource
2019-12-15 12:02:29,846 [Worker-69] INFO  o.e.m.c.i.embedder.EclipseLogger - Using 'UTF-8' encoding to copy filtered resources.
2019-12-15 12:02:29,846 [Worker-69] INFO  o.e.m.c.i.embedder.EclipseLogger - Copying 1 resource
2019-12-15 12:02:29,849 [Worker-69] INFO  o.e.m.c.i.embedder.EclipseLogger - Copying 1 resource
2019-12-15 12:02:29,857 [Worker-69] INFO  o.e.m.c.i.embedder.EclipseLogger - Using 'UTF-8' encoding to copy filtered resources.
2019-12-15 12:02:29,857 [Worker-69] INFO  o.e.m.c.i.embedder.EclipseLogger - Copying 0 resource
2019-12-15 12:02:30,937 [Worker-67] INFO  o.e.m.c.i.embedder.EclipseLogger - Using 'UTF-8' encoding to copy filtered resources.
2019-12-15 12:02:30,938 [Worker-67] INFO  o.e.m.c.i.embedder.EclipseLogger - Copying 1 resource
2019-12-15 12:02:30,940 [Worker-67] INFO  o.e.m.c.i.embedder.EclipseLogger - Copying 1 resource
2019-12-15 12:02:30,942 [Worker-67] INFO  o.e.m.c.i.embedder.EclipseLogger - Using 'UTF-8' encoding to copy filtered resources.
2019-12-15 12:02:30,942 [Worker-67] INFO  o.e.m.c.i.embedder.EclipseLogger - Copying 0 resource
2019-12-15 12:02:38,869 [Worker-70] INFO  o.e.m.c.i.embedder.EclipseLogger - Using 'UTF-8' encoding to copy filtered resources.
2019-12-15 12:02:38,870 [Worker-70] INFO  o.e.m.c.i.embedder.EclipseLogger - Copying 1 resource
2019-12-15 12:02:38,872 [Worker-70] INFO  o.e.m.c.i.embedder.EclipseLogger - Copying 1 resource
2019-12-15 12:02:38,875 [Worker-70] INFO  o.e.m.c.i.embedder.EclipseLogger - Using 'UTF-8' encoding to copy filtered resources.
2019-12-15 12:02:38,875 [Worker-70] INFO  o.e.m.c.i.embedder.EclipseLogger - Copying 0 resource
2019-12-15 12:03:40,629 [Worker-72] INFO  o.e.m.c.i.embedder.EclipseLogger - Using 'UTF-8' encoding to copy filtered resources.
2019-12-15 12:03:40,630 [Worker-72] INFO  o.e.m.c.i.embedder.EclipseLogger - Copying 1 resource
2019-12-15 12:03:40,632 [Worker-72] INFO  o.e.m.c.i.embedder.EclipseLogger - Copying 1 resource
2019-12-15 12:03:40,635 [Worker-72] INFO  o.e.m.c.i.embedder.EclipseLogger - Using 'UTF-8' encoding to copy filtered resources.
2019-12-15 12:03:40,635 [Worker-72] INFO  o.e.m.c.i.embedder.EclipseLogger - Copying 0 resource
2019-12-15 12:04:30,937 [Worker-67] INFO  o.e.m.c.i.embedder.EclipseLogger - Using 'UTF-8' encoding to copy filtered resources.
2019-12-15 12:04:30,938 [Worker-67] INFO  o.e.m.c.i.embedder.EclipseLogger - Copying 1 resource
2019-12-15 12:04:30,939 [Worker-67] INFO  o.e.m.c.i.embedder.EclipseLogger - Copying 1 resource
2019-12-15 12:04:30,941 [Worker-67] INFO  o.e.m.c.i.embedder.EclipseLogger - Using 'UTF-8' encoding to copy filtered resources.
2019-12-15 12:04:30,941 [Worker-67] INFO  o.e.m.c.i.embedder.EclipseLogger - Copying 0 resource
2019-12-15 12:13:05,805 [Worker-73] INFO  o.e.m.c.i.embedder.EclipseLogger - Using 'UTF-8' encoding to copy filtered resources.
2019-12-15 12:13:05,806 [Worker-73] INFO  o.e.m.c.i.embedder.EclipseLogger - Copying 1 resource
2019-12-15 12:13:05,810 [Worker-73] INFO  o.e.m.c.i.embedder.EclipseLogger - Copying 1 resource
2019-12-15 12:13:05,814 [Worker-73] INFO  o.e.m.c.i.embedder.EclipseLogger - Using 'UTF-8' encoding to copy filtered resources.
2019-12-15 12:13:05,814 [Worker-73] INFO  o.e.m.c.i.embedder.EclipseLogger - Copying 0 resource
2019-12-15 12:13:40,973 [Worker-74] INFO  o.e.m.c.i.embedder.EclipseLogger - Using 'UTF-8' encoding to copy filtered resources.
2019-12-15 12:13:40,974 [Worker-74] INFO  o.e.m.c.i.embedder.EclipseLogger - Copying 1 resource
2019-12-15 12:13:40,975 [Worker-74] INFO  o.e.m.c.i.embedder.EclipseLogger - Copying 1 resource
2019-12-15 12:13:40,978 [Worker-74] INFO  o.e.m.c.i.embedder.EclipseLogger - Using 'UTF-8' encoding to copy filtered resources.
2019-12-15 12:13:40,978 [Worker-74] INFO  o.e.m.c.i.embedder.EclipseLogger - Copying 0 resource
2019-12-15 12:17:00,491 [Worker-74] INFO  o.e.m.c.i.embedder.EclipseLogger - Using 'UTF-8' encoding to copy filtered resources.
2019-12-15 12:17:00,491 [Worker-74] INFO  o.e.m.c.i.embedder.EclipseLogger - Copying 1 resource
2019-12-15 12:17:00,493 [Worker-74] INFO  o.e.m.c.i.embedder.EclipseLogger - Copying 1 resource
2019-12-15 12:17:00,495 [Worker-74] INFO  o.e.m.c.i.embedder.EclipseLogger - Using 'UTF-8' encoding to copy filtered resources.
2019-12-15 12:17:00,496 [Worker-74] INFO  o.e.m.c.i.embedder.EclipseLogger - Copying 0 resource
2019-12-15 13:10:18,113 [Worker-87] INFO  o.e.m.c.i.embedder.EclipseLogger - Using 'UTF-8' encoding to copy filtered resources.
2019-12-15 13:10:18,114 [Worker-87] INFO  o.e.m.c.i.embedder.EclipseLogger - Copying 1 resource
2019-12-15 13:10:18,116 [Worker-87] INFO  o.e.m.c.i.embedder.EclipseLogger - Copying 1 resource
2019-12-15 13:10:18,120 [Worker-87] INFO  o.e.m.c.i.embedder.EclipseLogger - Using 'UTF-8' encoding to copy filtered resources.
2019-12-15 13:10:18,120 [Worker-87] INFO  o.e.m.c.i.embedder.EclipseLogger - Copying 0 resource
2019-12-15 13:10:20,226 [Worker-96] INFO  o.e.m.c.i.embedder.EclipseLogger - Using 'UTF-8' encoding to copy filtered resources.
2019-12-15 13:10:20,227 [Worker-96] INFO  o.e.m.c.i.embedder.EclipseLogger - Copying 1 resource
2019-12-15 13:10:20,229 [Worker-96] INFO  o.e.m.c.i.embedder.EclipseLogger - Copying 1 resource
2019-12-15 13:10:20,231 [Worker-96] INFO  o.e.m.c.i.embedder.EclipseLogger - Using 'UTF-8' encoding to copy filtered resources.
2019-12-15 13:10:20,232 [Worker-96] INFO  o.e.m.c.i.embedder.EclipseLogger - Copying 0 resource
2019-12-15 13:12:04,863 [Worker-95] INFO  o.e.m.c.i.embedder.EclipseLogger - Using 'UTF-8' encoding to copy filtered resources.
2019-12-15 13:12:04,863 [Worker-95] INFO  o.e.m.c.i.embedder.EclipseLogger - Copying 1 resource
2019-12-15 13:12:04,864 [Worker-95] INFO  o.e.m.c.i.embedder.EclipseLogger - Copying 1 resource
2019-12-15 13:12:04,866 [Worker-95] INFO  o.e.m.c.i.embedder.EclipseLogger - Using 'UTF-8' encoding to copy filtered resources.
2019-12-15 13:12:04,867 [Worker-95] INFO  o.e.m.c.i.embedder.EclipseLogger - Copying 0 resource
2019-12-15 13:18:47,095 [Worker-96] INFO  o.e.m.c.i.embedder.EclipseLogger - Using 'UTF-8' encoding to copy filtered resources.
2019-12-15 13:18:47,095 [Worker-96] INFO  o.e.m.c.i.embedder.EclipseLogger - Copying 1 resource
2019-12-15 13:18:47,097 [Worker-96] INFO  o.e.m.c.i.embedder.EclipseLogger - Copying 1 resource
2019-12-15 13:18:47,099 [Worker-96] INFO  o.e.m.c.i.embedder.EclipseLogger - Using 'UTF-8' encoding to copy filtered resources.
2019-12-15 13:18:47,099 [Worker-96] INFO  o.e.m.c.i.embedder.EclipseLogger - Copying 0 resource
2019-12-15 13:22:05,183 [Worker-100] INFO  o.e.m.c.i.embedder.EclipseLogger - Using 'UTF-8' encoding to copy filtered resources.
2019-12-15 13:22:05,184 [Worker-100] INFO  o.e.m.c.i.embedder.EclipseLogger - Copying 1 resource
2019-12-15 13:22:05,186 [Worker-100] INFO  o.e.m.c.i.embedder.EclipseLogger - Copying 1 resource
2019-12-15 13:22:05,188 [Worker-100] INFO  o.e.m.c.i.embedder.EclipseLogger - Using 'UTF-8' encoding to copy filtered resources.
2019-12-15 13:22:05,188 [Worker-100] INFO  o.e.m.c.i.embedder.EclipseLogger - Copying 0 resource
2019-12-15 13:22:09,622 [Worker-98] INFO  o.e.m.c.i.embedder.EclipseLogger - Using 'UTF-8' encoding to copy filtered resources.
2019-12-15 13:22:09,623 [Worker-98] INFO  o.e.m.c.i.embedder.EclipseLogger - Copying 1 resource
2019-12-15 13:22:09,625 [Worker-98] INFO  o.e.m.c.i.embedder.EclipseLogger - Copying 1 resource
2019-12-15 13:22:09,627 [Worker-98] INFO  o.e.m.c.i.embedder.EclipseLogger - Using 'UTF-8' encoding to copy filtered resources.
2019-12-15 13:22:09,628 [Worker-98] INFO  o.e.m.c.i.embedder.EclipseLogger - Copying 0 resource
2019-12-15 13:22:46,239 [Worker-96] INFO  o.e.m.c.i.embedder.EclipseLogger - Using 'UTF-8' encoding to copy filtered resources.
2019-12-15 13:22:46,239 [Worker-96] INFO  o.e.m.c.i.embedder.EclipseLogger - Copying 1 resource
2019-12-15 13:22:46,241 [Worker-96] INFO  o.e.m.c.i.embedder.EclipseLogger - Copying 1 resource
2019-12-15 13:22:46,245 [Worker-96] INFO  o.e.m.c.i.embedder.EclipseLogger - Using 'UTF-8' encoding to copy filtered resources.
2019-12-15 13:22:46,246 [Worker-96] INFO  o.e.m.c.i.embedder.EclipseLogger - Copying 0 resource
2019-12-15 13:30:09,101 [Worker-98] INFO  o.e.m.c.i.embedder.EclipseLogger - Using 'UTF-8' encoding to copy filtered resources.
2019-12-15 13:30:09,102 [Worker-98] INFO  o.e.m.c.i.embedder.EclipseLogger - Copying 1 resource
2019-12-15 13:30:09,103 [Worker-98] INFO  o.e.m.c.i.embedder.EclipseLogger - Copying 1 resource
2019-12-15 13:30:09,105 [Worker-98] INFO  o.e.m.c.i.embedder.EclipseLogger - Using 'UTF-8' encoding to copy filtered resources.
2019-12-15 13:30:09,105 [Worker-98] INFO  o.e.m.c.i.embedder.EclipseLogger - Copying 0 resource
2019-12-15 13:30:10,192 [Worker-96] INFO  o.e.m.c.i.embedder.EclipseLogger - Using 'UTF-8' encoding to copy filtered resources.
2019-12-15 13:30:10,192 [Worker-96] INFO  o.e.m.c.i.embedder.EclipseLogger - Copying 1 resource
2019-12-15 13:30:10,194 [Worker-96] INFO  o.e.m.c.i.embedder.EclipseLogger - Copying 1 resource
2019-12-15 13:30:10,196 [Worker-96] INFO  o.e.m.c.i.embedder.EclipseLogger - Using 'UTF-8' encoding to copy filtered resources.
2019-12-15 13:30:10,196 [Worker-96] INFO  o.e.m.c.i.embedder.EclipseLogger - Copying 0 resource
2019-12-15 13:30:26,250 [Worker-100] INFO  o.e.m.c.i.embedder.EclipseLogger - Using 'UTF-8' encoding to copy filtered resources.
2019-12-15 13:30:26,250 [Worker-100] INFO  o.e.m.c.i.embedder.EclipseLogger - Copying 1 resource
2019-12-15 13:30:26,252 [Worker-100] INFO  o.e.m.c.i.embedder.EclipseLogger - Copying 1 resource
2019-12-15 13:30:26,254 [Worker-100] INFO  o.e.m.c.i.embedder.EclipseLogger - Using 'UTF-8' encoding to copy filtered resources.
2019-12-15 13:30:26,255 [Worker-100] INFO  o.e.m.c.i.embedder.EclipseLogger - Copying 0 resource
2019-12-15 13:51:50,695 [Worker-110] INFO  o.e.m.c.i.embedder.EclipseLogger - Using 'UTF-8' encoding to copy filtered resources.
2019-12-15 13:51:50,697 [Worker-110] INFO  o.e.m.c.i.embedder.EclipseLogger - Copying 1 resource
2019-12-15 13:51:50,700 [Worker-110] INFO  o.e.m.c.i.embedder.EclipseLogger - Copying 1 resource
2019-12-15 13:51:50,704 [Worker-110] INFO  o.e.m.c.i.embedder.EclipseLogger - Using 'UTF-8' encoding to copy filtered resources.
2019-12-15 13:51:50,704 [Worker-110] INFO  o.e.m.c.i.embedder.EclipseLogger - Copying 0 resource
2019-12-15 13:55:24,144 [Worker-114] INFO  o.e.m.c.i.embedder.EclipseLogger - Using 'UTF-8' encoding to copy filtered resources.
2019-12-15 13:55:24,144 [Worker-114] INFO  o.e.m.c.i.embedder.EclipseLogger - Copying 1 resource
2019-12-15 13:55:24,145 [Worker-114] INFO  o.e.m.c.i.embedder.EclipseLogger - Copying 1 resource
2019-12-15 13:55:24,147 [Worker-114] INFO  o.e.m.c.i.embedder.EclipseLogger - Using 'UTF-8' encoding to copy filtered resources.
2019-12-15 13:55:24,147 [Worker-114] INFO  o.e.m.c.i.embedder.EclipseLogger - Copying 0 resource
2019-12-15 14:00:56,157 [Worker-117] INFO  o.e.m.c.i.embedder.EclipseLogger - Using 'UTF-8' encoding to copy filtered resources.
2019-12-15 14:00:56,159 [Worker-117] INFO  o.e.m.c.i.embedder.EclipseLogger - Copying 1 resource
2019-12-15 14:00:56,164 [Worker-117] INFO  o.e.m.c.i.embedder.EclipseLogger - Copying 1 resource
2019-12-15 14:00:56,169 [Worker-117] INFO  o.e.m.c.i.embedder.EclipseLogger - Using 'UTF-8' encoding to copy filtered resources.
2019-12-15 14:00:56,170 [Worker-117] INFO  o.e.m.c.i.embedder.EclipseLogger - Copying 0 resource
2019-12-15 14:05:06,447 [Worker-119] INFO  o.e.m.c.i.embedder.EclipseLogger - Using 'UTF-8' encoding to copy filtered resources.
2019-12-15 14:05:06,450 [Worker-119] INFO  o.e.m.c.i.embedder.EclipseLogger - Copying 1 resource
2019-12-15 14:05:06,452 [Worker-119] INFO  o.e.m.c.i.embedder.EclipseLogger - Copying 1 resource
2019-12-15 14:05:06,454 [Worker-119] INFO  o.e.m.c.i.embedder.EclipseLogger - Using 'UTF-8' encoding to copy filtered resources.
2019-12-15 14:05:06,454 [Worker-119] INFO  o.e.m.c.i.embedder.EclipseLogger - Copying 0 resource
2019-12-15 14:14:38,002 [Worker-117] INFO  o.e.m.c.i.embedder.EclipseLogger - Using 'UTF-8' encoding to copy filtered resources.
2019-12-15 14:14:38,003 [Worker-117] INFO  o.e.m.c.i.embedder.EclipseLogger - Copying 1 resource
2019-12-15 14:14:38,004 [Worker-117] INFO  o.e.m.c.i.embedder.EclipseLogger - Copying 1 resource
2019-12-15 14:14:38,005 [Worker-117] INFO  o.e.m.c.i.embedder.EclipseLogger - Using 'UTF-8' encoding to copy filtered resources.
2019-12-15 14:14:38,005 [Worker-117] INFO  o.e.m.c.i.embedder.EclipseLogger - Copying 0 resource
2019-12-15 14:14:46,182 [Worker-130] INFO  o.e.m.c.i.embedder.EclipseLogger - Using 'UTF-8' encoding to copy filtered resources.
2019-12-15 14:14:46,183 [Worker-130] INFO  o.e.m.c.i.embedder.EclipseLogger - Copying 1 resource
2019-12-15 14:14:46,184 [Worker-130] INFO  o.e.m.c.i.embedder.EclipseLogger - Copying 1 resource
2019-12-15 14:14:46,186 [Worker-130] INFO  o.e.m.c.i.embedder.EclipseLogger - Using 'UTF-8' encoding to copy filtered resources.
2019-12-15 14:14:46,186 [Worker-130] INFO  o.e.m.c.i.embedder.EclipseLogger - Copying 0 resource
2019-12-15 14:17:51,676 [Worker-127] INFO  o.e.m.c.i.embedder.EclipseLogger - Using 'UTF-8' encoding to copy filtered resources.
2019-12-15 14:17:51,677 [Worker-127] INFO  o.e.m.c.i.embedder.EclipseLogger - Copying 1 resource
2019-12-15 14:17:51,678 [Worker-127] INFO  o.e.m.c.i.embedder.EclipseLogger - Copying 1 resource
2019-12-15 14:17:51,680 [Worker-127] INFO  o.e.m.c.i.embedder.EclipseLogger - Using 'UTF-8' encoding to copy filtered resources.
2019-12-15 14:17:51,681 [Worker-127] INFO  o.e.m.c.i.embedder.EclipseLogger - Copying 0 resource
2019-12-15 14:32:10,911 [Worker-137] INFO  o.e.m.c.i.embedder.EclipseLogger - Using 'UTF-8' encoding to copy filtered resources.
2019-12-15 14:32:10,911 [Worker-137] INFO  o.e.m.c.i.embedder.EclipseLogger - Copying 1 resource
2019-12-15 14:32:10,913 [Worker-137] INFO  o.e.m.c.i.embedder.EclipseLogger - Copying 1 resource
2019-12-15 14:32:10,915 [Worker-137] INFO  o.e.m.c.i.embedder.EclipseLogger - Using 'UTF-8' encoding to copy filtered resources.
2019-12-15 14:32:10,915 [Worker-137] INFO  o.e.m.c.i.embedder.EclipseLogger - Copying 0 resource
2019-12-21 11:26:54,743 [Worker-2] INFO  o.e.m.c.i.embedder.EclipseLogger - Using 'UTF-8' encoding to copy filtered resources.
2019-12-21 11:26:54,791 [Worker-2] INFO  o.e.m.c.i.embedder.EclipseLogger - Copying 1 resource
2019-12-21 11:26:54,854 [Worker-2] INFO  o.e.m.c.i.embedder.EclipseLogger - Copying 1 resource
2019-12-21 11:26:54,899 [Worker-2] INFO  o.e.m.c.i.embedder.EclipseLogger - Using 'UTF-8' encoding to copy filtered resources.
2019-12-21 11:26:54,899 [Worker-2] INFO  o.e.m.c.i.embedder.EclipseLogger - Copying 0 resource
2019-12-21 11:27:00,327 [Worker-1] INFO  o.e.m.c.i.embedder.EclipseLogger - Using 'UTF-8' encoding to copy filtered resources.
2019-12-21 11:27:00,344 [Worker-1] INFO  o.e.m.c.i.embedder.EclipseLogger - Copying 1 resource
2019-12-21 11:27:00,351 [Worker-1] INFO  o.e.m.c.i.embedder.EclipseLogger - Copying 1 resource
2019-12-21 11:27:00,356 [Worker-1] INFO  o.e.m.c.i.embedder.EclipseLogger - Using 'UTF-8' encoding to copy filtered resources.
2019-12-21 11:27:00,356 [Worker-1] INFO  o.e.m.c.i.embedder.EclipseLogger - Copying 0 resource
2019-12-21 12:54:47,643 [Worker-38] WARN  o.e.r.models.ModelRepository - Failed to download org.eclipse.recommenders:index::zip:0.0.0
org.eclipse.aether.resolution.ArtifactResolutionException: Could not find artifact org.eclipse.recommenders:index:zip:0.0.0-SNAPSHOT in models (http://download.eclipse.org/recommenders/models/mars/)
	at org.eclipse.aether.internal.impl.DefaultArtifactResolver.resolve(DefaultArtifactResolver.java:444) ~[na:na]
	at org.eclipse.aether.internal.impl.DefaultArtifactResolver.resolveArtifacts(DefaultArtifactResolver.java:246) ~[na:na]
	at org.eclipse.aether.internal.impl.DefaultArtifactResolver.resolveArtifact(DefaultArtifactResolver.java:223) ~[na:na]
	at org.eclipse.aether.internal.impl.DefaultRepositorySystem.resolveArtifact(DefaultRepositorySystem.java:294) ~[na:na]
	at org.eclipse.recommenders.models.ModelRepository.resolveInternal(ModelRepository.java:192) [org.eclipse.recommenders.models_2.3.0.v20160216-1255.jar:na]
	at org.eclipse.recommenders.models.ModelRepository.resolve(ModelRepository.java:174) [org.eclipse.recommenders.models_2.3.0.v20160216-1255.jar:na]
	at org.eclipse.recommenders.internal.models.rcp.EclipseModelRepository.resolve(EclipseModelRepository.java:165) [org.eclipse.recommenders.models.rcp_2.3.0.v20160216-1255.jar:na]
	at org.eclipse.recommenders.internal.models.rcp.DownloadModelArchiveJob.run(DownloadModelArchiveJob.java:76) [org.eclipse.recommenders.models.rcp_2.3.0.v20160216-1255.jar:na]
	at org.eclipse.core.internal.jobs.Worker.run(Worker.java:55) [org.eclipse.core.jobs_3.7.0.v20150330-2103.jar:na]
Caused by: org.eclipse.aether.transfer.ArtifactNotFoundException: Could not find artifact org.eclipse.recommenders:index:zip:0.0.0-SNAPSHOT in models (http://download.eclipse.org/recommenders/models/mars/)
	at org.eclipse.aether.connector.basic.ArtifactTransportListener.transferFailed(ArtifactTransportListener.java:39) ~[org.eclipse.aether.connector.basic_1.0.1.v20141111.jar:na]
	at org.eclipse.aether.connector.basic.BasicRepositoryConnector$TaskRunner.run(BasicRepositoryConnector.java:355) ~[org.eclipse.aether.connector.basic_1.0.1.v20141111.jar:na]
	at org.eclipse.aether.util.concurrency.RunnableErrorForwarder$1.run(RunnableErrorForwarder.java:67) ~[na:na]
	at org.eclipse.aether.connector.basic.BasicRepositoryConnector$DirectExecutor.execute(BasicRepositoryConnector.java:581) ~[org.eclipse.aether.connector.basic_1.0.1.v20141111.jar:na]
	at org.eclipse.aether.connector.basic.BasicRepositoryConnector.get(BasicRepositoryConnector.java:249) ~[org.eclipse.aether.connector.basic_1.0.1.v20141111.jar:na]
	at org.eclipse.aether.internal.impl.DefaultArtifactResolver.performDownloads(DefaultArtifactResolver.java:520) ~[na:na]
	at org.eclipse.aether.internal.impl.DefaultArtifactResolver.resolve(DefaultArtifactResolver.java:421) ~[na:na]
	... 8 common frames omitted
2019-12-21 13:10:00,206 [Worker-41] INFO  o.e.m.c.i.embedder.EclipseLogger - Using 'UTF-8' encoding to copy filtered resources.
2019-12-21 13:10:00,207 [Worker-41] INFO  o.e.m.c.i.embedder.EclipseLogger - Copying 1 resource
2019-12-21 13:10:00,209 [Worker-41] INFO  o.e.m.c.i.embedder.EclipseLogger - Copying 1 resource
2019-12-21 13:10:00,213 [Worker-41] INFO  o.e.m.c.i.embedder.EclipseLogger - Using 'UTF-8' encoding to copy filtered resources.
2019-12-21 13:10:00,213 [Worker-41] INFO  o.e.m.c.i.embedder.EclipseLogger - Copying 0 resource
2019-12-21 13:10:26,829 [Worker-35] INFO  o.e.m.c.i.embedder.EclipseLogger - Using 'UTF-8' encoding to copy filtered resources.
2019-12-21 13:10:26,830 [Worker-35] INFO  o.e.m.c.i.embedder.EclipseLogger - Copying 1 resource
2019-12-21 13:10:26,832 [Worker-35] INFO  o.e.m.c.i.embedder.EclipseLogger - Copying 1 resource
2019-12-21 13:10:26,834 [Worker-35] INFO  o.e.m.c.i.embedder.EclipseLogger - Using 'UTF-8' encoding to copy filtered resources.
2019-12-21 13:10:26,834 [Worker-35] INFO  o.e.m.c.i.embedder.EclipseLogger - Copying 0 resource
2019-12-21 13:11:13,740 [Worker-43] INFO  o.e.m.c.i.embedder.EclipseLogger - Using 'UTF-8' encoding to copy filtered resources.
2019-12-21 13:11:13,741 [Worker-43] INFO  o.e.m.c.i.embedder.EclipseLogger - Copying 1 resource
2019-12-21 13:11:13,743 [Worker-43] INFO  o.e.m.c.i.embedder.EclipseLogger - Copying 1 resource
2019-12-21 13:11:13,746 [Worker-43] INFO  o.e.m.c.i.embedder.EclipseLogger - Using 'UTF-8' encoding to copy filtered resources.
2019-12-21 13:11:13,747 [Worker-43] INFO  o.e.m.c.i.embedder.EclipseLogger - Copying 0 resource
2019-12-21 13:16:53,790 [Worker-41] INFO  o.e.m.c.i.embedder.EclipseLogger - Using 'UTF-8' encoding to copy filtered resources.
2019-12-21 13:16:53,792 [Worker-41] INFO  o.e.m.c.i.embedder.EclipseLogger - Copying 1 resource
2019-12-21 13:16:53,794 [Worker-41] INFO  o.e.m.c.i.embedder.EclipseLogger - Copying 1 resource
2019-12-21 13:16:53,797 [Worker-41] INFO  o.e.m.c.i.embedder.EclipseLogger - Using 'UTF-8' encoding to copy filtered resources.
2019-12-21 13:16:53,797 [Worker-41] INFO  o.e.m.c.i.embedder.EclipseLogger - Copying 0 resource
2019-12-21 13:17:58,271 [Worker-45] INFO  o.e.m.c.i.embedder.EclipseLogger - Using 'UTF-8' encoding to copy filtered resources.
2019-12-21 13:17:58,272 [Worker-45] INFO  o.e.m.c.i.embedder.EclipseLogger - Copying 1 resource
2019-12-21 13:17:58,274 [Worker-45] INFO  o.e.m.c.i.embedder.EclipseLogger - Copying 1 resource
2019-12-21 13:17:58,276 [Worker-45] INFO  o.e.m.c.i.embedder.EclipseLogger - Using 'UTF-8' encoding to copy filtered resources.
2019-12-21 13:17:58,277 [Worker-45] INFO  o.e.m.c.i.embedder.EclipseLogger - Copying 0 resource
2019-12-21 13:18:46,703 [Worker-40] INFO  o.e.m.c.i.embedder.EclipseLogger - Using 'UTF-8' encoding to copy filtered resources.
2019-12-21 13:18:46,704 [Worker-40] INFO  o.e.m.c.i.embedder.EclipseLogger - Copying 1 resource
2019-12-21 13:18:46,706 [Worker-40] INFO  o.e.m.c.i.embedder.EclipseLogger - Copying 1 resource
2019-12-21 13:18:46,710 [Worker-40] INFO  o.e.m.c.i.embedder.EclipseLogger - Using 'UTF-8' encoding to copy filtered resources.
2019-12-21 13:18:46,710 [Worker-40] INFO  o.e.m.c.i.embedder.EclipseLogger - Copying 0 resource
2019-12-21 13:37:08,071 [Worker-50] INFO  o.e.m.c.i.embedder.EclipseLogger - Using 'UTF-8' encoding to copy filtered resources.
2019-12-21 13:37:08,072 [Worker-50] INFO  o.e.m.c.i.embedder.EclipseLogger - Copying 1 resource
2019-12-21 13:37:08,075 [Worker-50] INFO  o.e.m.c.i.embedder.EclipseLogger - Copying 1 resource
2019-12-21 13:37:08,078 [Worker-50] INFO  o.e.m.c.i.embedder.EclipseLogger - Using 'UTF-8' encoding to copy filtered resources.
2019-12-21 13:37:08,079 [Worker-50] INFO  o.e.m.c.i.embedder.EclipseLogger - Copying 0 resource
2019-12-21 13:37:19,292 [Worker-53] INFO  o.e.m.c.i.embedder.EclipseLogger - Using 'UTF-8' encoding to copy filtered resources.
2019-12-21 13:37:19,292 [Worker-53] INFO  o.e.m.c.i.embedder.EclipseLogger - Copying 0 resource
2019-12-21 13:37:19,292 [Worker-53] INFO  o.e.m.c.i.embedder.EclipseLogger - Copying 0 resource
2019-12-21 13:37:19,302 [Worker-53] INFO  o.e.m.c.i.embedder.EclipseLogger - Using 'UTF-8' encoding to copy filtered resources.
2019-12-21 13:37:19,302 [Worker-53] INFO  o.e.m.c.i.embedder.EclipseLogger - Copying 0 resource
2019-12-21 13:41:06,087 [Worker-56] INFO  o.e.m.c.i.embedder.EclipseLogger - Using 'UTF-8' encoding to copy filtered resources.
2019-12-21 13:41:06,089 [Worker-56] INFO  o.e.m.c.i.embedder.EclipseLogger - Copying 1 resource
2019-12-21 13:41:06,090 [Worker-56] INFO  o.e.m.c.i.embedder.EclipseLogger - Copying 1 resource
2019-12-21 13:41:06,092 [Worker-56] INFO  o.e.m.c.i.embedder.EclipseLogger - Using 'UTF-8' encoding to copy filtered resources.
2019-12-21 13:41:06,093 [Worker-56] INFO  o.e.m.c.i.embedder.EclipseLogger - Copying 0 resource
2019-12-21 13:47:46,541 [Worker-51] INFO  o.e.m.c.i.embedder.EclipseLogger - Using 'UTF-8' encoding to copy filtered resources.
2019-12-21 13:47:46,542 [Worker-51] INFO  o.e.m.c.i.embedder.EclipseLogger - Copying 1 resource
2019-12-21 13:47:46,544 [Worker-51] INFO  o.e.m.c.i.embedder.EclipseLogger - Copying 1 resource
2019-12-21 13:47:46,546 [Worker-51] INFO  o.e.m.c.i.embedder.EclipseLogger - Using 'UTF-8' encoding to copy filtered resources.
2019-12-21 13:47:46,546 [Worker-51] INFO  o.e.m.c.i.embedder.EclipseLogger - Copying 0 resource
2019-12-21 13:52:46,309 [Worker-51] INFO  o.e.m.c.i.embedder.EclipseLogger - Using 'UTF-8' encoding to copy filtered resources.
2019-12-21 13:52:46,310 [Worker-51] INFO  o.e.m.c.i.embedder.EclipseLogger - Copying 1 resource
2019-12-21 13:52:46,311 [Worker-51] INFO  o.e.m.c.i.embedder.EclipseLogger - Copying 1 resource
2019-12-21 13:52:46,313 [Worker-51] INFO  o.e.m.c.i.embedder.EclipseLogger - Using 'UTF-8' encoding to copy filtered resources.
2019-12-21 13:52:46,314 [Worker-51] INFO  o.e.m.c.i.embedder.EclipseLogger - Copying 0 resource
2019-12-21 13:52:50,162 [Worker-62] INFO  o.e.m.c.i.embedder.EclipseLogger - Using 'UTF-8' encoding to copy filtered resources.
2019-12-21 13:52:50,163 [Worker-62] INFO  o.e.m.c.i.embedder.EclipseLogger - Copying 1 resource
2019-12-21 13:52:50,165 [Worker-62] INFO  o.e.m.c.i.embedder.EclipseLogger - Copying 1 resource
2019-12-21 13:52:50,167 [Worker-62] INFO  o.e.m.c.i.embedder.EclipseLogger - Using 'UTF-8' encoding to copy filtered resources.
2019-12-21 13:52:50,167 [Worker-62] INFO  o.e.m.c.i.embedder.EclipseLogger - Copying 0 resource
2019-12-21 13:53:02,337 [Worker-64] INFO  o.e.m.c.i.embedder.EclipseLogger - Using 'UTF-8' encoding to copy filtered resources.
2019-12-21 13:53:02,338 [Worker-64] INFO  o.e.m.c.i.embedder.EclipseLogger - Copying 1 resource
2019-12-21 13:53:02,340 [Worker-64] INFO  o.e.m.c.i.embedder.EclipseLogger - Copying 1 resource
2019-12-21 13:53:02,350 [Worker-64] INFO  o.e.m.c.i.embedder.EclipseLogger - Using 'UTF-8' encoding to copy filtered resources.
2019-12-21 13:53:02,351 [Worker-64] INFO  o.e.m.c.i.embedder.EclipseLogger - Copying 0 resource
2019-12-21 13:53:26,156 [Worker-63] INFO  o.e.m.c.i.embedder.EclipseLogger - Using 'UTF-8' encoding to copy filtered resources.
2019-12-21 13:53:26,156 [Worker-63] INFO  o.e.m.c.i.embedder.EclipseLogger - Copying 1 resource
2019-12-21 13:53:26,158 [Worker-63] INFO  o.e.m.c.i.embedder.EclipseLogger - Copying 1 resource
2019-12-21 13:53:26,160 [Worker-63] INFO  o.e.m.c.i.embedder.EclipseLogger - Using 'UTF-8' encoding to copy filtered resources.
2019-12-21 13:53:26,160 [Worker-63] INFO  o.e.m.c.i.embedder.EclipseLogger - Copying 0 resource
2019-12-21 13:53:33,557 [Worker-64] INFO  o.e.m.c.i.embedder.EclipseLogger - Using 'UTF-8' encoding to copy filtered resources.
2019-12-21 13:53:33,559 [Worker-64] INFO  o.e.m.c.i.embedder.EclipseLogger - Copying 1 resource
2019-12-21 13:53:33,567 [Worker-64] INFO  o.e.m.c.i.embedder.EclipseLogger - Copying 1 resource
2019-12-21 13:53:33,569 [Worker-64] INFO  o.e.m.c.i.embedder.EclipseLogger - Using 'UTF-8' encoding to copy filtered resources.
2019-12-21 13:53:33,569 [Worker-64] INFO  o.e.m.c.i.embedder.EclipseLogger - Copying 0 resource
2019-12-21 13:54:39,343 [Worker-63] INFO  o.e.m.c.i.embedder.EclipseLogger - Using 'UTF-8' encoding to copy filtered resources.
2019-12-21 13:54:39,343 [Worker-63] INFO  o.e.m.c.i.embedder.EclipseLogger - Copying 1 resource
2019-12-21 13:54:39,344 [Worker-63] INFO  o.e.m.c.i.embedder.EclipseLogger - Copying 1 resource
2019-12-21 13:54:39,360 [Worker-63] INFO  o.e.m.c.i.embedder.EclipseLogger - Using 'UTF-8' encoding to copy filtered resources.
2019-12-21 13:54:39,360 [Worker-63] INFO  o.e.m.c.i.embedder.EclipseLogger - Copying 0 resource
2019-12-21 13:55:09,797 [Worker-62] INFO  o.e.m.c.i.embedder.EclipseLogger - Using 'UTF-8' encoding to copy filtered resources.
2019-12-21 13:55:09,798 [Worker-62] INFO  o.e.m.c.i.embedder.EclipseLogger - Copying 1 resource
2019-12-21 13:55:09,799 [Worker-62] INFO  o.e.m.c.i.embedder.EclipseLogger - Copying 1 resource
2019-12-21 13:55:09,802 [Worker-62] INFO  o.e.m.c.i.embedder.EclipseLogger - Using 'UTF-8' encoding to copy filtered resources.
2019-12-21 13:55:09,802 [Worker-62] INFO  o.e.m.c.i.embedder.EclipseLogger - Copying 0 resource
2019-12-21 13:55:56,867 [Worker-64] INFO  o.e.m.c.i.embedder.EclipseLogger - Using 'UTF-8' encoding to copy filtered resources.
2019-12-21 13:55:56,868 [Worker-64] INFO  o.e.m.c.i.embedder.EclipseLogger - Copying 1 resource
2019-12-21 13:55:56,869 [Worker-64] INFO  o.e.m.c.i.embedder.EclipseLogger - Copying 1 resource
2019-12-21 13:55:56,871 [Worker-64] INFO  o.e.m.c.i.embedder.EclipseLogger - Using 'UTF-8' encoding to copy filtered resources.
2019-12-21 13:55:56,872 [Worker-64] INFO  o.e.m.c.i.embedder.EclipseLogger - Copying 0 resource
2019-12-25 11:20:30,287 [Worker-12] INFO  o.e.m.c.i.embedder.EclipseLogger - Using 'UTF-8' encoding to copy filtered resources.
2019-12-25 11:20:30,370 [Worker-12] INFO  o.e.m.c.i.embedder.EclipseLogger - Copying 1 resource
2019-12-25 11:20:30,389 [Worker-12] INFO  o.e.m.c.i.embedder.EclipseLogger - Copying 1 resource
2019-12-25 11:20:30,393 [Worker-12] INFO  o.e.m.c.i.embedder.EclipseLogger - Using 'UTF-8' encoding to copy filtered resources.
2019-12-25 11:20:30,393 [Worker-12] INFO  o.e.m.c.i.embedder.EclipseLogger - Copying 0 resource
2019-12-25 11:20:38,002 [Worker-19] INFO  o.e.m.c.i.embedder.EclipseLogger - Using 'UTF-8' encoding to copy filtered resources.
2019-12-25 11:20:38,005 [Worker-19] INFO  o.e.m.c.i.embedder.EclipseLogger - Copying 0 resource
2019-12-25 11:20:38,005 [Worker-19] INFO  o.e.m.c.i.embedder.EclipseLogger - Copying 0 resource
2019-12-25 11:20:38,007 [Worker-19] INFO  o.e.m.c.i.embedder.EclipseLogger - Using 'UTF-8' encoding to copy filtered resources.
2019-12-25 11:20:38,008 [Worker-19] INFO  o.e.m.c.i.embedder.EclipseLogger - Copying 0 resource
2019-12-25 15:37:35,265 [Worker-44] INFO  o.e.m.c.i.embedder.EclipseLogger - Using 'UTF-8' encoding to copy filtered resources.
2019-12-25 15:37:35,269 [Worker-44] INFO  o.e.m.c.i.embedder.EclipseLogger - Copying 1 resource
2019-12-25 15:37:35,272 [Worker-44] INFO  o.e.m.c.i.embedder.EclipseLogger - Copying 1 resource
2019-12-25 15:37:35,276 [Worker-44] INFO  o.e.m.c.i.embedder.EclipseLogger - Using 'UTF-8' encoding to copy filtered resources.
2019-12-25 15:37:35,276 [Worker-44] INFO  o.e.m.c.i.embedder.EclipseLogger - Copying 0 resource
